{"__type":"$$EventMessageAudit","id":"73f2e5b9-8387-4ea5-b968-9d264ef1ec01","ts":"2025-09-24T02:12:20.773+00:00","eventName":"n8n.audit.user.login.success","message":"n8n.audit.user.login.success","payload":{"userId":"a79f8e1b-609e-4e54-b9ce-c339d9b16371","_email":"luisaferreira1088@gmail.com","_firstName":"Luísa","_lastName":"Marques","globalRole":"global:owner","authenticationMethod":"email"}}
{"__type":"$$EventMessageConfirm","confirm":"73f2e5b9-8387-4ea5-b968-9d264ef1ec01","ts":"2025-09-24T02:12:20.774+00:00","source":{"id":"0","name":"eventBus"}}
{"__type":"$$EventMessageWorkflow","id":"907fb353-6c79-44fa-a90b-65391e588409","ts":"2025-09-24T02:12:27.003+00:00","eventName":"n8n.workflow.started","message":"n8n.workflow.started","payload":{"executionId":"25","workflowId":"9Nh7UeTlJ22HNNDv","isManual":false,"workflowName":"My workflow"}}
{"__type":"$$EventMessageConfirm","confirm":"907fb353-6c79-44fa-a90b-65391e588409","ts":"2025-09-24T02:12:27.003+00:00","source":{"id":"0","name":"eventBus"}}
{"__type":"$$EventMessageNode","id":"b8068d17-a05c-400a-b772-eebc6f041dc8","ts":"2025-09-24T02:12:27.006+00:00","eventName":"n8n.node.started","message":"n8n.node.started","payload":{"workflowId":"9Nh7UeTlJ22HNNDv","workflowName":"My workflow","executionId":"25","nodeType":"n8n-nodes-base.manualTrigger","nodeName":"When clicking ‘Execute workflow’","nodeId":"d8989c7b-5fc0-4dee-bab7-823f07825c35"}}
{"__type":"$$EventMessageConfirm","confirm":"b8068d17-a05c-400a-b772-eebc6f041dc8","ts":"2025-09-24T02:12:27.006+00:00","source":{"id":"0","name":"eventBus"}}
{"__type":"$$EventMessageNode","id":"3a013453-8168-4eb2-aa93-789e6f445fea","ts":"2025-09-24T02:12:27.011+00:00","eventName":"n8n.node.finished","message":"n8n.node.finished","payload":{"workflowId":"9Nh7UeTlJ22HNNDv","workflowName":"My workflow","executionId":"25","nodeType":"n8n-nodes-base.manualTrigger","nodeName":"When clicking ‘Execute workflow’","nodeId":"d8989c7b-5fc0-4dee-bab7-823f07825c35"}}
{"__type":"$$EventMessageConfirm","confirm":"3a013453-8168-4eb2-aa93-789e6f445fea","ts":"2025-09-24T02:12:27.012+00:00","source":{"id":"0","name":"eventBus"}}
{"__type":"$$EventMessageWorkflow","id":"3bdf79e2-c4aa-47f0-80a3-51be81c29986","ts":"2025-09-24T02:12:27.018+00:00","eventName":"n8n.workflow.success","message":"n8n.workflow.success","payload":{"userId":"a79f8e1b-609e-4e54-b9ce-c339d9b16371","executionId":"25","success":true,"isManual":true,"workflowId":"9Nh7UeTlJ22HNNDv","workflowName":"My workflow"}}
{"__type":"$$EventMessageConfirm","confirm":"3bdf79e2-c4aa-47f0-80a3-51be81c29986","ts":"2025-09-24T02:12:27.018+00:00","source":{"id":"0","name":"eventBus"}}
{"__type":"$$EventMessageWorkflow","id":"b34eade8-5614-4bb9-ae80-2d3bf9846f46","ts":"2025-09-24T02:12:28.078+00:00","eventName":"n8n.workflow.started","message":"n8n.workflow.started","payload":{"executionId":"26","workflowId":"9Nh7UeTlJ22HNNDv","isManual":false,"workflowName":"My workflow"}}
{"__type":"$$EventMessageConfirm","confirm":"b34eade8-5614-4bb9-ae80-2d3bf9846f46","ts":"2025-09-24T02:12:28.078+00:00","source":{"id":"0","name":"eventBus"}}
{"__type":"$$EventMessageNode","id":"3f5bda6b-1572-401c-b000-1d5c75f76e3e","ts":"2025-09-24T02:12:28.079+00:00","eventName":"n8n.node.started","message":"n8n.node.started","payload":{"workflowId":"9Nh7UeTlJ22HNNDv","workflowName":"My workflow","executionId":"26","nodeType":"CUSTOM.random","nodeName":"Random","nodeId":"d211732c-d0f7-4460-8e06-fa12162213a8"}}
{"__type":"$$EventMessageConfirm","confirm":"3f5bda6b-1572-401c-b000-1d5c75f76e3e","ts":"2025-09-24T02:12:28.079+00:00","source":{"id":"0","name":"eventBus"}}
{"__type":"$$EventMessageNode","id":"a1ae986f-b597-4dc4-a9e6-f690db2beb95","ts":"2025-09-24T02:12:28.502+00:00","eventName":"n8n.node.finished","message":"n8n.node.finished","payload":{"workflowId":"9Nh7UeTlJ22HNNDv","workflowName":"My workflow","executionId":"26","nodeType":"CUSTOM.random","nodeName":"Random","nodeId":"d211732c-d0f7-4460-8e06-fa12162213a8"}}
{"__type":"$$EventMessageConfirm","confirm":"a1ae986f-b597-4dc4-a9e6-f690db2beb95","ts":"2025-09-24T02:12:28.502+00:00","source":{"id":"0","name":"eventBus"}}
{"__type":"$$EventMessageWorkflow","id":"d0e03e74-edde-4739-8bf2-d24f4c41afe5","ts":"2025-09-24T02:12:28.506+00:00","eventName":"n8n.workflow.success","message":"n8n.workflow.success","payload":{"userId":"a79f8e1b-609e-4e54-b9ce-c339d9b16371","executionId":"26","success":true,"isManual":true,"workflowId":"9Nh7UeTlJ22HNNDv","workflowName":"My workflow"}}
{"__type":"$$EventMessageConfirm","confirm":"d0e03e74-edde-4739-8bf2-d24f4c41afe5","ts":"2025-09-24T02:12:28.506+00:00","source":{"id":"0","name":"eventBus"}}
{"__type":"$$EventMessageWorkflow","id":"1405020c-0cdc-4655-a7ed-a49ffdd7cbcf","ts":"2025-09-24T02:12:39.999+00:00","eventName":"n8n.workflow.started","message":"n8n.workflow.started","payload":{"executionId":"27","workflowId":"9Nh7UeTlJ22HNNDv","isManual":false,"workflowName":"My workflow"}}
{"__type":"$$EventMessageConfirm","confirm":"1405020c-0cdc-4655-a7ed-a49ffdd7cbcf","ts":"2025-09-24T02:12:39.999+00:00","source":{"id":"0","name":"eventBus"}}
{"__type":"$$EventMessageNode","id":"43450008-5185-42cc-9fd5-6c3bf968c45a","ts":"2025-09-24T02:12:40.001+00:00","eventName":"n8n.node.started","message":"n8n.node.started","payload":{"workflowId":"9Nh7UeTlJ22HNNDv","workflowName":"My workflow","executionId":"27","nodeType":"CUSTOM.random","nodeName":"Random","nodeId":"d211732c-d0f7-4460-8e06-fa12162213a8"}}
{"__type":"$$EventMessageConfirm","confirm":"43450008-5185-42cc-9fd5-6c3bf968c45a","ts":"2025-09-24T02:12:40.001+00:00","source":{"id":"0","name":"eventBus"}}
{"__type":"$$EventMessageNode","id":"4ac92e73-5d49-43c2-8442-df1668bd7058","ts":"2025-09-24T02:12:40.407+00:00","eventName":"n8n.node.finished","message":"n8n.node.finished","payload":{"workflowId":"9Nh7UeTlJ22HNNDv","workflowName":"My workflow","executionId":"27","nodeType":"CUSTOM.random","nodeName":"Random","nodeId":"d211732c-d0f7-4460-8e06-fa12162213a8"}}
{"__type":"$$EventMessageConfirm","confirm":"4ac92e73-5d49-43c2-8442-df1668bd7058","ts":"2025-09-24T02:12:40.407+00:00","source":{"id":"0","name":"eventBus"}}
{"__type":"$$EventMessageWorkflow","id":"effd0e1d-9551-4815-875e-93531aec3834","ts":"2025-09-24T02:12:40.409+00:00","eventName":"n8n.workflow.success","message":"n8n.workflow.success","payload":{"userId":"a79f8e1b-609e-4e54-b9ce-c339d9b16371","executionId":"27","success":true,"isManual":true,"workflowId":"9Nh7UeTlJ22HNNDv","workflowName":"My workflow"}}
{"__type":"$$EventMessageConfirm","confirm":"effd0e1d-9551-4815-875e-93531aec3834","ts":"2025-09-24T02:12:40.409+00:00","source":{"id":"0","name":"eventBus"}}
{"__type":"$$EventMessageWorkflow","id":"a17f6dba-65b8-442b-87be-bb68481dd559","ts":"2025-09-24T02:12:45.413+00:00","eventName":"n8n.workflow.started","message":"n8n.workflow.started","payload":{"executionId":"28","workflowId":"9Nh7UeTlJ22HNNDv","isManual":false,"workflowName":"My workflow"}}
{"__type":"$$EventMessageConfirm","confirm":"a17f6dba-65b8-442b-87be-bb68481dd559","ts":"2025-09-24T02:12:45.413+00:00","source":{"id":"0","name":"eventBus"}}
{"__type":"$$EventMessageNode","id":"db668758-78c8-4128-b02f-5f56ac966ff9","ts":"2025-09-24T02:12:45.414+00:00","eventName":"n8n.node.started","message":"n8n.node.started","payload":{"workflowId":"9Nh7UeTlJ22HNNDv","workflowName":"My workflow","executionId":"28","nodeType":"CUSTOM.random","nodeName":"Random","nodeId":"d211732c-d0f7-4460-8e06-fa12162213a8"}}
{"__type":"$$EventMessageConfirm","confirm":"db668758-78c8-4128-b02f-5f56ac966ff9","ts":"2025-09-24T02:12:45.414+00:00","source":{"id":"0","name":"eventBus"}}
{"__type":"$$EventMessageNode","id":"5f4edcbc-600e-4906-ba1c-29119138dcf2","ts":"2025-09-24T02:12:45.810+00:00","eventName":"n8n.node.finished","message":"n8n.node.finished","payload":{"workflowId":"9Nh7UeTlJ22HNNDv","workflowName":"My workflow","executionId":"28","nodeType":"CUSTOM.random","nodeName":"Random","nodeId":"d211732c-d0f7-4460-8e06-fa12162213a8"}}
{"__type":"$$EventMessageConfirm","confirm":"5f4edcbc-600e-4906-ba1c-29119138dcf2","ts":"2025-09-24T02:12:45.810+00:00","source":{"id":"0","name":"eventBus"}}
{"__type":"$$EventMessageWorkflow","id":"3190e489-11a8-4a1f-8291-392f57a62215","ts":"2025-09-24T02:12:45.811+00:00","eventName":"n8n.workflow.success","message":"n8n.workflow.success","payload":{"userId":"a79f8e1b-609e-4e54-b9ce-c339d9b16371","executionId":"28","success":true,"isManual":true,"workflowId":"9Nh7UeTlJ22HNNDv","workflowName":"My workflow"}}
{"__type":"$$EventMessageConfirm","confirm":"3190e489-11a8-4a1f-8291-392f57a62215","ts":"2025-09-24T02:12:45.812+00:00","source":{"id":"0","name":"eventBus"}}
{"__type":"$$EventMessageWorkflow","id":"18a765b4-9232-4426-9873-f67841ce76d7","ts":"2025-09-24T02:13:12.642+00:00","eventName":"n8n.workflow.started","message":"n8n.workflow.started","payload":{"executionId":"29","workflowId":"9Nh7UeTlJ22HNNDv","isManual":false,"workflowName":"My workflow"}}
{"__type":"$$EventMessageConfirm","confirm":"18a765b4-9232-4426-9873-f67841ce76d7","ts":"2025-09-24T02:13:12.642+00:00","source":{"id":"0","name":"eventBus"}}
{"__type":"$$EventMessageNode","id":"41f1c531-19c2-4b46-8654-c31d67af6f3a","ts":"2025-09-24T02:13:12.643+00:00","eventName":"n8n.node.started","message":"n8n.node.started","payload":{"workflowId":"9Nh7UeTlJ22HNNDv","workflowName":"My workflow","executionId":"29","nodeType":"CUSTOM.random","nodeName":"Random","nodeId":"d211732c-d0f7-4460-8e06-fa12162213a8"}}
{"__type":"$$EventMessageConfirm","confirm":"41f1c531-19c2-4b46-8654-c31d67af6f3a","ts":"2025-09-24T02:13:12.643+00:00","source":{"id":"0","name":"eventBus"}}
{"__type":"$$EventMessageNode","id":"98fc0ac6-8b2e-4173-a185-fe3ebe831165","ts":"2025-09-24T02:13:13.153+00:00","eventName":"n8n.node.finished","message":"n8n.node.finished","payload":{"workflowId":"9Nh7UeTlJ22HNNDv","workflowName":"My workflow","executionId":"29","nodeType":"CUSTOM.random","nodeName":"Random","nodeId":"d211732c-d0f7-4460-8e06-fa12162213a8"}}
{"__type":"$$EventMessageConfirm","confirm":"98fc0ac6-8b2e-4173-a185-fe3ebe831165","ts":"2025-09-24T02:13:13.153+00:00","source":{"id":"0","name":"eventBus"}}
{"__type":"$$EventMessageWorkflow","id":"bbf80ad7-540a-4d54-876e-791c606375f4","ts":"2025-09-24T02:13:13.156+00:00","eventName":"n8n.workflow.success","message":"n8n.workflow.success","payload":{"userId":"a79f8e1b-609e-4e54-b9ce-c339d9b16371","executionId":"29","success":true,"isManual":true,"workflowId":"9Nh7UeTlJ22HNNDv","workflowName":"My workflow"}}
{"__type":"$$EventMessageConfirm","confirm":"bbf80ad7-540a-4d54-876e-791c606375f4","ts":"2025-09-24T02:13:13.156+00:00","source":{"id":"0","name":"eventBus"}}
{"__type":"$$EventMessageWorkflow","id":"a313511e-b0a4-4c9d-9f8b-b331ca47b7d4","ts":"2025-09-24T02:13:14.850+00:00","eventName":"n8n.workflow.started","message":"n8n.workflow.started","payload":{"executionId":"30","workflowId":"9Nh7UeTlJ22HNNDv","isManual":false,"workflowName":"My workflow"}}
{"__type":"$$EventMessageConfirm","confirm":"a313511e-b0a4-4c9d-9f8b-b331ca47b7d4","ts":"2025-09-24T02:13:14.850+00:00","source":{"id":"0","name":"eventBus"}}
{"__type":"$$EventMessageNode","id":"59e3b806-16cd-4717-bed1-da1e424c6bba","ts":"2025-09-24T02:13:14.851+00:00","eventName":"n8n.node.started","message":"n8n.node.started","payload":{"workflowId":"9Nh7UeTlJ22HNNDv","workflowName":"My workflow","executionId":"30","nodeType":"CUSTOM.random","nodeName":"Random","nodeId":"d211732c-d0f7-4460-8e06-fa12162213a8"}}
{"__type":"$$EventMessageConfirm","confirm":"59e3b806-16cd-4717-bed1-da1e424c6bba","ts":"2025-09-24T02:13:14.851+00:00","source":{"id":"0","name":"eventBus"}}
{"__type":"$$EventMessageNode","id":"67dd80b5-0490-436a-8e0e-e7032b33e97e","ts":"2025-09-24T02:13:15.212+00:00","eventName":"n8n.node.finished","message":"n8n.node.finished","payload":{"workflowId":"9Nh7UeTlJ22HNNDv","workflowName":"My workflow","executionId":"30","nodeType":"CUSTOM.random","nodeName":"Random","nodeId":"d211732c-d0f7-4460-8e06-fa12162213a8"}}
{"__type":"$$EventMessageConfirm","confirm":"67dd80b5-0490-436a-8e0e-e7032b33e97e","ts":"2025-09-24T02:13:15.212+00:00","source":{"id":"0","name":"eventBus"}}
{"__type":"$$EventMessageWorkflow","id":"0488a389-5691-4728-973e-e828b3567e91","ts":"2025-09-24T02:13:15.215+00:00","eventName":"n8n.workflow.success","message":"n8n.workflow.success","payload":{"userId":"a79f8e1b-609e-4e54-b9ce-c339d9b16371","executionId":"30","success":true,"isManual":true,"workflowId":"9Nh7UeTlJ22HNNDv","workflowName":"My workflow"}}
{"__type":"$$EventMessageConfirm","confirm":"0488a389-5691-4728-973e-e828b3567e91","ts":"2025-09-24T02:13:15.215+00:00","source":{"id":"0","name":"eventBus"}}
{"__type":"$$EventMessageWorkflow","id":"a33355ed-6152-4e51-9940-98d77b4fd218","ts":"2025-09-24T02:13:15.976+00:00","eventName":"n8n.workflow.started","message":"n8n.workflow.started","payload":{"executionId":"31","workflowId":"9Nh7UeTlJ22HNNDv","isManual":false,"workflowName":"My workflow"}}
{"__type":"$$EventMessageConfirm","confirm":"a33355ed-6152-4e51-9940-98d77b4fd218","ts":"2025-09-24T02:13:15.977+00:00","source":{"id":"0","name":"eventBus"}}
{"__type":"$$EventMessageNode","id":"b583355b-0864-4d2f-89ef-2ce854df0b37","ts":"2025-09-24T02:13:15.977+00:00","eventName":"n8n.node.started","message":"n8n.node.started","payload":{"workflowId":"9Nh7UeTlJ22HNNDv","workflowName":"My workflow","executionId":"31","nodeType":"CUSTOM.random","nodeName":"Random","nodeId":"d211732c-d0f7-4460-8e06-fa12162213a8"}}
{"__type":"$$EventMessageConfirm","confirm":"b583355b-0864-4d2f-89ef-2ce854df0b37","ts":"2025-09-24T02:13:15.977+00:00","source":{"id":"0","name":"eventBus"}}
{"__type":"$$EventMessageNode","id":"6cb3acf3-e7b3-44fb-a7dc-0b675cfc9489","ts":"2025-09-24T02:13:16.348+00:00","eventName":"n8n.node.finished","message":"n8n.node.finished","payload":{"workflowId":"9Nh7UeTlJ22HNNDv","workflowName":"My workflow","executionId":"31","nodeType":"CUSTOM.random","nodeName":"Random","nodeId":"d211732c-d0f7-4460-8e06-fa12162213a8"}}
{"__type":"$$EventMessageConfirm","confirm":"6cb3acf3-e7b3-44fb-a7dc-0b675cfc9489","ts":"2025-09-24T02:13:16.348+00:00","source":{"id":"0","name":"eventBus"}}
{"__type":"$$EventMessageWorkflow","id":"dd377c90-9515-4d28-939d-9144a4b56a83","ts":"2025-09-24T02:13:16.349+00:00","eventName":"n8n.workflow.success","message":"n8n.workflow.success","payload":{"userId":"a79f8e1b-609e-4e54-b9ce-c339d9b16371","executionId":"31","success":true,"isManual":true,"workflowId":"9Nh7UeTlJ22HNNDv","workflowName":"My workflow"}}
{"__type":"$$EventMessageConfirm","confirm":"dd377c90-9515-4d28-939d-9144a4b56a83","ts":"2025-09-24T02:13:16.349+00:00","source":{"id":"0","name":"eventBus"}}
{"__type":"$$EventMessageWorkflow","id":"5363507d-8c89-4023-abb2-c58d372b9530","ts":"2025-09-24T02:13:17.016+00:00","eventName":"n8n.workflow.started","message":"n8n.workflow.started","payload":{"executionId":"32","workflowId":"9Nh7UeTlJ22HNNDv","isManual":false,"workflowName":"My workflow"}}
{"__type":"$$EventMessageConfirm","confirm":"5363507d-8c89-4023-abb2-c58d372b9530","ts":"2025-09-24T02:13:17.016+00:00","source":{"id":"0","name":"eventBus"}}
{"__type":"$$EventMessageNode","id":"e859b00d-53d2-4d75-a661-17cb26e7a437","ts":"2025-09-24T02:13:17.018+00:00","eventName":"n8n.node.started","message":"n8n.node.started","payload":{"workflowId":"9Nh7UeTlJ22HNNDv","workflowName":"My workflow","executionId":"32","nodeType":"CUSTOM.random","nodeName":"Random","nodeId":"d211732c-d0f7-4460-8e06-fa12162213a8"}}
{"__type":"$$EventMessageConfirm","confirm":"e859b00d-53d2-4d75-a661-17cb26e7a437","ts":"2025-09-24T02:13:17.018+00:00","source":{"id":"0","name":"eventBus"}}
{"__type":"$$EventMessageNode","id":"78d91a5e-f3af-4a6e-abfe-c4e13249b596","ts":"2025-09-24T02:13:17.365+00:00","eventName":"n8n.node.finished","message":"n8n.node.finished","payload":{"workflowId":"9Nh7UeTlJ22HNNDv","workflowName":"My workflow","executionId":"32","nodeType":"CUSTOM.random","nodeName":"Random","nodeId":"d211732c-d0f7-4460-8e06-fa12162213a8"}}
{"__type":"$$EventMessageConfirm","confirm":"78d91a5e-f3af-4a6e-abfe-c4e13249b596","ts":"2025-09-24T02:13:17.365+00:00","source":{"id":"0","name":"eventBus"}}
{"__type":"$$EventMessageWorkflow","id":"74ef4f99-4662-4069-9361-819c1d0b5f9c","ts":"2025-09-24T02:13:17.367+00:00","eventName":"n8n.workflow.success","message":"n8n.workflow.success","payload":{"userId":"a79f8e1b-609e-4e54-b9ce-c339d9b16371","executionId":"32","success":true,"isManual":true,"workflowId":"9Nh7UeTlJ22HNNDv","workflowName":"My workflow"}}
{"__type":"$$EventMessageConfirm","confirm":"74ef4f99-4662-4069-9361-819c1d0b5f9c","ts":"2025-09-24T02:13:17.367+00:00","source":{"id":"0","name":"eventBus"}}
{"__type":"$$EventMessageWorkflow","id":"907f0c5e-8304-4712-a34a-2cb273aef0d4","ts":"2025-09-24T02:13:18.008+00:00","eventName":"n8n.workflow.started","message":"n8n.workflow.started","payload":{"executionId":"33","workflowId":"9Nh7UeTlJ22HNNDv","isManual":false,"workflowName":"My workflow"}}
{"__type":"$$EventMessageConfirm","confirm":"907f0c5e-8304-4712-a34a-2cb273aef0d4","ts":"2025-09-24T02:13:18.008+00:00","source":{"id":"0","name":"eventBus"}}
{"__type":"$$EventMessageNode","id":"8f6e036b-038b-4eac-8a6a-4cb6354e6cc9","ts":"2025-09-24T02:13:18.010+00:00","eventName":"n8n.node.started","message":"n8n.node.started","payload":{"workflowId":"9Nh7UeTlJ22HNNDv","workflowName":"My workflow","executionId":"33","nodeType":"CUSTOM.random","nodeName":"Random","nodeId":"d211732c-d0f7-4460-8e06-fa12162213a8"}}
{"__type":"$$EventMessageConfirm","confirm":"8f6e036b-038b-4eac-8a6a-4cb6354e6cc9","ts":"2025-09-24T02:13:18.010+00:00","source":{"id":"0","name":"eventBus"}}
{"__type":"$$EventMessageNode","id":"83b928be-8438-4582-a228-6b1b321de388","ts":"2025-09-24T02:13:18.368+00:00","eventName":"n8n.node.finished","message":"n8n.node.finished","payload":{"workflowId":"9Nh7UeTlJ22HNNDv","workflowName":"My workflow","executionId":"33","nodeType":"CUSTOM.random","nodeName":"Random","nodeId":"d211732c-d0f7-4460-8e06-fa12162213a8"}}
{"__type":"$$EventMessageConfirm","confirm":"83b928be-8438-4582-a228-6b1b321de388","ts":"2025-09-24T02:13:18.368+00:00","source":{"id":"0","name":"eventBus"}}
{"__type":"$$EventMessageWorkflow","id":"ab90d99b-b20a-4350-8901-804dbe539341","ts":"2025-09-24T02:13:18.370+00:00","eventName":"n8n.workflow.success","message":"n8n.workflow.success","payload":{"userId":"a79f8e1b-609e-4e54-b9ce-c339d9b16371","executionId":"33","success":true,"isManual":true,"workflowId":"9Nh7UeTlJ22HNNDv","workflowName":"My workflow"}}
{"__type":"$$EventMessageConfirm","confirm":"ab90d99b-b20a-4350-8901-804dbe539341","ts":"2025-09-24T02:13:18.370+00:00","source":{"id":"0","name":"eventBus"}}
{"__type":"$$EventMessageWorkflow","id":"3dda536a-f7d0-4540-97a6-48915caa7b1c","ts":"2025-09-24T02:13:18.984+00:00","eventName":"n8n.workflow.started","message":"n8n.workflow.started","payload":{"executionId":"34","workflowId":"9Nh7UeTlJ22HNNDv","isManual":false,"workflowName":"My workflow"}}
{"__type":"$$EventMessageConfirm","confirm":"3dda536a-f7d0-4540-97a6-48915caa7b1c","ts":"2025-09-24T02:13:18.984+00:00","source":{"id":"0","name":"eventBus"}}
{"__type":"$$EventMessageNode","id":"a26d30e5-f66e-4485-84e4-4ef8c2676aa9","ts":"2025-09-24T02:13:18.985+00:00","eventName":"n8n.node.started","message":"n8n.node.started","payload":{"workflowId":"9Nh7UeTlJ22HNNDv","workflowName":"My workflow","executionId":"34","nodeType":"CUSTOM.random","nodeName":"Random","nodeId":"d211732c-d0f7-4460-8e06-fa12162213a8"}}
{"__type":"$$EventMessageConfirm","confirm":"a26d30e5-f66e-4485-84e4-4ef8c2676aa9","ts":"2025-09-24T02:13:18.985+00:00","source":{"id":"0","name":"eventBus"}}
{"__type":"$$EventMessageNode","id":"0a1a2373-e6b4-431f-a063-8a505005628b","ts":"2025-09-24T02:13:19.363+00:00","eventName":"n8n.node.finished","message":"n8n.node.finished","payload":{"workflowId":"9Nh7UeTlJ22HNNDv","workflowName":"My workflow","executionId":"34","nodeType":"CUSTOM.random","nodeName":"Random","nodeId":"d211732c-d0f7-4460-8e06-fa12162213a8"}}
{"__type":"$$EventMessageConfirm","confirm":"0a1a2373-e6b4-431f-a063-8a505005628b","ts":"2025-09-24T02:13:19.363+00:00","source":{"id":"0","name":"eventBus"}}
{"__type":"$$EventMessageWorkflow","id":"673ebe7a-87c4-4acd-9008-4daf8c9d374c","ts":"2025-09-24T02:13:19.364+00:00","eventName":"n8n.workflow.success","message":"n8n.workflow.success","payload":{"userId":"a79f8e1b-609e-4e54-b9ce-c339d9b16371","executionId":"34","success":true,"isManual":true,"workflowId":"9Nh7UeTlJ22HNNDv","workflowName":"My workflow"}}
{"__type":"$$EventMessageConfirm","confirm":"673ebe7a-87c4-4acd-9008-4daf8c9d374c","ts":"2025-09-24T02:13:19.364+00:00","source":{"id":"0","name":"eventBus"}}
{"__type":"$$EventMessageWorkflow","id":"4002120e-484b-4f84-ac86-4b4b656acda4","ts":"2025-09-24T02:13:19.916+00:00","eventName":"n8n.workflow.started","message":"n8n.workflow.started","payload":{"executionId":"35","workflowId":"9Nh7UeTlJ22HNNDv","isManual":false,"workflowName":"My workflow"}}
{"__type":"$$EventMessageConfirm","confirm":"4002120e-484b-4f84-ac86-4b4b656acda4","ts":"2025-09-24T02:13:19.916+00:00","source":{"id":"0","name":"eventBus"}}
{"__type":"$$EventMessageNode","id":"bcb36348-a469-4cb9-80ba-e2d18637ac5e","ts":"2025-09-24T02:13:19.917+00:00","eventName":"n8n.node.started","message":"n8n.node.started","payload":{"workflowId":"9Nh7UeTlJ22HNNDv","workflowName":"My workflow","executionId":"35","nodeType":"CUSTOM.random","nodeName":"Random","nodeId":"d211732c-d0f7-4460-8e06-fa12162213a8"}}
{"__type":"$$EventMessageConfirm","confirm":"bcb36348-a469-4cb9-80ba-e2d18637ac5e","ts":"2025-09-24T02:13:19.917+00:00","source":{"id":"0","name":"eventBus"}}
{"__type":"$$EventMessageNode","id":"49e66818-3aa3-42da-94ff-696628d0e8e3","ts":"2025-09-24T02:13:20.284+00:00","eventName":"n8n.node.finished","message":"n8n.node.finished","payload":{"workflowId":"9Nh7UeTlJ22HNNDv","workflowName":"My workflow","executionId":"35","nodeType":"CUSTOM.random","nodeName":"Random","nodeId":"d211732c-d0f7-4460-8e06-fa12162213a8"}}
{"__type":"$$EventMessageConfirm","confirm":"49e66818-3aa3-42da-94ff-696628d0e8e3","ts":"2025-09-24T02:13:20.284+00:00","source":{"id":"0","name":"eventBus"}}
{"__type":"$$EventMessageWorkflow","id":"bf3d9eda-da77-40f9-96d4-636e1dcdabb9","ts":"2025-09-24T02:13:20.288+00:00","eventName":"n8n.workflow.success","message":"n8n.workflow.success","payload":{"userId":"a79f8e1b-609e-4e54-b9ce-c339d9b16371","executionId":"35","success":true,"isManual":true,"workflowId":"9Nh7UeTlJ22HNNDv","workflowName":"My workflow"}}
{"__type":"$$EventMessageConfirm","confirm":"bf3d9eda-da77-40f9-96d4-636e1dcdabb9","ts":"2025-09-24T02:13:20.288+00:00","source":{"id":"0","name":"eventBus"}}
{"__type":"$$EventMessageWorkflow","id":"d299d3e4-7a32-4e1a-9af1-fdd8d7556fca","ts":"2025-09-24T02:14:08.457+00:00","eventName":"n8n.workflow.started","message":"n8n.workflow.started","payload":{"executionId":"36","workflowId":"9Nh7UeTlJ22HNNDv","isManual":false,"workflowName":"My workflow"}}
{"__type":"$$EventMessageConfirm","confirm":"d299d3e4-7a32-4e1a-9af1-fdd8d7556fca","ts":"2025-09-24T02:14:08.457+00:00","source":{"id":"0","name":"eventBus"}}
{"__type":"$$EventMessageNode","id":"88d09f21-ec55-49c3-b080-214d703cf2bf","ts":"2025-09-24T02:14:08.458+00:00","eventName":"n8n.node.started","message":"n8n.node.started","payload":{"workflowId":"9Nh7UeTlJ22HNNDv","workflowName":"My workflow","executionId":"36","nodeType":"CUSTOM.random","nodeName":"Random","nodeId":"d211732c-d0f7-4460-8e06-fa12162213a8"}}
{"__type":"$$EventMessageConfirm","confirm":"88d09f21-ec55-49c3-b080-214d703cf2bf","ts":"2025-09-24T02:14:08.458+00:00","source":{"id":"0","name":"eventBus"}}
{"__type":"$$EventMessageNode","id":"6188b42f-4f1e-4510-a401-054848656a24","ts":"2025-09-24T02:14:08.803+00:00","eventName":"n8n.node.finished","message":"n8n.node.finished","payload":{"workflowId":"9Nh7UeTlJ22HNNDv","workflowName":"My workflow","executionId":"36","nodeType":"CUSTOM.random","nodeName":"Random","nodeId":"d211732c-d0f7-4460-8e06-fa12162213a8"}}
{"__type":"$$EventMessageConfirm","confirm":"6188b42f-4f1e-4510-a401-054848656a24","ts":"2025-09-24T02:14:08.803+00:00","source":{"id":"0","name":"eventBus"}}
{"__type":"$$EventMessageWorkflow","id":"8cf1ed86-6d52-4d08-9089-f717c7428344","ts":"2025-09-24T02:14:08.805+00:00","eventName":"n8n.workflow.success","message":"n8n.workflow.success","payload":{"userId":"a79f8e1b-609e-4e54-b9ce-c339d9b16371","executionId":"36","success":true,"isManual":true,"workflowId":"9Nh7UeTlJ22HNNDv","workflowName":"My workflow"}}
{"__type":"$$EventMessageConfirm","confirm":"8cf1ed86-6d52-4d08-9089-f717c7428344","ts":"2025-09-24T02:14:08.805+00:00","source":{"id":"0","name":"eventBus"}}
{"__type":"$$EventMessageWorkflow","id":"312ca257-2c3d-40c1-93b0-89bf8b1ebc84","ts":"2025-09-24T02:17:44.889+00:00","eventName":"n8n.workflow.started","message":"n8n.workflow.started","payload":{"executionId":"37","workflowId":"9Nh7UeTlJ22HNNDv","isManual":false,"workflowName":"My workflow"}}
{"__type":"$$EventMessageConfirm","confirm":"312ca257-2c3d-40c1-93b0-89bf8b1ebc84","ts":"2025-09-24T02:17:44.889+00:00","source":{"id":"0","name":"eventBus"}}
{"__type":"$$EventMessageNode","id":"f90210ef-3075-4d81-af5e-dc67cd10fd67","ts":"2025-09-24T02:17:44.890+00:00","eventName":"n8n.node.started","message":"n8n.node.started","payload":{"workflowId":"9Nh7UeTlJ22HNNDv","workflowName":"My workflow","executionId":"37","nodeType":"n8n-nodes-base.manualTrigger","nodeName":"When clicking ‘Execute workflow’","nodeId":"d8989c7b-5fc0-4dee-bab7-823f07825c35"}}
{"__type":"$$EventMessageConfirm","confirm":"f90210ef-3075-4d81-af5e-dc67cd10fd67","ts":"2025-09-24T02:17:44.890+00:00","source":{"id":"0","name":"eventBus"}}
{"__type":"$$EventMessageNode","id":"d5ed2806-f9c2-4315-8948-76749c18d5ab","ts":"2025-09-24T02:17:44.894+00:00","eventName":"n8n.node.finished","message":"n8n.node.finished","payload":{"workflowId":"9Nh7UeTlJ22HNNDv","workflowName":"My workflow","executionId":"37","nodeType":"n8n-nodes-base.manualTrigger","nodeName":"When clicking ‘Execute workflow’","nodeId":"d8989c7b-5fc0-4dee-bab7-823f07825c35"}}
{"__type":"$$EventMessageConfirm","confirm":"d5ed2806-f9c2-4315-8948-76749c18d5ab","ts":"2025-09-24T02:17:44.894+00:00","source":{"id":"0","name":"eventBus"}}
{"__type":"$$EventMessageNode","id":"18cea672-198f-4ab5-866e-071b7e961d09","ts":"2025-09-24T02:17:44.895+00:00","eventName":"n8n.node.started","message":"n8n.node.started","payload":{"workflowId":"9Nh7UeTlJ22HNNDv","workflowName":"My workflow","executionId":"37","nodeType":"CUSTOM.random","nodeName":"Random","nodeId":"d211732c-d0f7-4460-8e06-fa12162213a8"}}
{"__type":"$$EventMessageConfirm","confirm":"18cea672-198f-4ab5-866e-071b7e961d09","ts":"2025-09-24T02:17:44.895+00:00","source":{"id":"0","name":"eventBus"}}
{"__type":"$$EventMessageNode","id":"5ec770c9-791f-4383-b06b-5a7b12e0c2ce","ts":"2025-09-24T02:17:45.322+00:00","eventName":"n8n.node.finished","message":"n8n.node.finished","payload":{"workflowId":"9Nh7UeTlJ22HNNDv","workflowName":"My workflow","executionId":"37","nodeType":"CUSTOM.random","nodeName":"Random","nodeId":"d211732c-d0f7-4460-8e06-fa12162213a8"}}
{"__type":"$$EventMessageConfirm","confirm":"5ec770c9-791f-4383-b06b-5a7b12e0c2ce","ts":"2025-09-24T02:17:45.322+00:00","source":{"id":"0","name":"eventBus"}}
{"__type":"$$EventMessageWorkflow","id":"41d18a52-c983-446d-9322-c38707438242","ts":"2025-09-24T02:17:45.323+00:00","eventName":"n8n.workflow.success","message":"n8n.workflow.success","payload":{"userId":"a79f8e1b-609e-4e54-b9ce-c339d9b16371","executionId":"37","success":true,"isManual":true,"workflowId":"9Nh7UeTlJ22HNNDv","workflowName":"My workflow"}}
{"__type":"$$EventMessageConfirm","confirm":"41d18a52-c983-446d-9322-c38707438242","ts":"2025-09-24T02:17:45.323+00:00","source":{"id":"0","name":"eventBus"}}
{"__type":"$$EventMessageWorkflow","id":"0c122343-62de-4304-8faa-fe99655774f9","ts":"2025-09-24T02:17:55.137+00:00","eventName":"n8n.workflow.started","message":"n8n.workflow.started","payload":{"executionId":"38","workflowId":"9Nh7UeTlJ22HNNDv","isManual":false,"workflowName":"My workflow"}}
{"__type":"$$EventMessageConfirm","confirm":"0c122343-62de-4304-8faa-fe99655774f9","ts":"2025-09-24T02:17:55.137+00:00","source":{"id":"0","name":"eventBus"}}
{"__type":"$$EventMessageNode","id":"54f79bd2-fc69-4994-a98c-de9a3d4e0909","ts":"2025-09-24T02:17:55.137+00:00","eventName":"n8n.node.started","message":"n8n.node.started","payload":{"workflowId":"9Nh7UeTlJ22HNNDv","workflowName":"My workflow","executionId":"38","nodeType":"CUSTOM.random","nodeName":"Random","nodeId":"d211732c-d0f7-4460-8e06-fa12162213a8"}}
{"__type":"$$EventMessageConfirm","confirm":"54f79bd2-fc69-4994-a98c-de9a3d4e0909","ts":"2025-09-24T02:17:55.137+00:00","source":{"id":"0","name":"eventBus"}}
{"__type":"$$EventMessageNode","id":"dc442b5c-1d57-4649-91c5-b35c6d3e46b6","ts":"2025-09-24T02:17:55.511+00:00","eventName":"n8n.node.finished","message":"n8n.node.finished","payload":{"workflowId":"9Nh7UeTlJ22HNNDv","workflowName":"My workflow","executionId":"38","nodeType":"CUSTOM.random","nodeName":"Random","nodeId":"d211732c-d0f7-4460-8e06-fa12162213a8"}}
{"__type":"$$EventMessageConfirm","confirm":"dc442b5c-1d57-4649-91c5-b35c6d3e46b6","ts":"2025-09-24T02:17:55.511+00:00","source":{"id":"0","name":"eventBus"}}
{"__type":"$$EventMessageWorkflow","id":"f3c338c3-9c8a-4c51-b9e2-28683ef05663","ts":"2025-09-24T02:17:55.515+00:00","eventName":"n8n.workflow.success","message":"n8n.workflow.success","payload":{"userId":"a79f8e1b-609e-4e54-b9ce-c339d9b16371","executionId":"38","success":true,"isManual":true,"workflowId":"9Nh7UeTlJ22HNNDv","workflowName":"My workflow"}}
{"__type":"$$EventMessageConfirm","confirm":"f3c338c3-9c8a-4c51-b9e2-28683ef05663","ts":"2025-09-24T02:17:55.515+00:00","source":{"id":"0","name":"eventBus"}}
{"__type":"$$EventMessageWorkflow","id":"b2d9a79d-97d9-4eb7-a339-5e38e5f0cbd5","ts":"2025-09-24T02:18:00.361+00:00","eventName":"n8n.workflow.started","message":"n8n.workflow.started","payload":{"executionId":"39","workflowId":"9Nh7UeTlJ22HNNDv","isManual":false,"workflowName":"My workflow"}}
{"__type":"$$EventMessageConfirm","confirm":"b2d9a79d-97d9-4eb7-a339-5e38e5f0cbd5","ts":"2025-09-24T02:18:00.361+00:00","source":{"id":"0","name":"eventBus"}}
{"__type":"$$EventMessageNode","id":"0ddc4ed8-6816-471d-8ec2-97dbdc96443e","ts":"2025-09-24T02:18:00.361+00:00","eventName":"n8n.node.started","message":"n8n.node.started","payload":{"workflowId":"9Nh7UeTlJ22HNNDv","workflowName":"My workflow","executionId":"39","nodeType":"CUSTOM.random","nodeName":"Random","nodeId":"d211732c-d0f7-4460-8e06-fa12162213a8"}}
{"__type":"$$EventMessageConfirm","confirm":"0ddc4ed8-6816-471d-8ec2-97dbdc96443e","ts":"2025-09-24T02:18:00.361+00:00","source":{"id":"0","name":"eventBus"}}
{"__type":"$$EventMessageNode","id":"f358eb7b-889f-4815-a584-36cfbf607b53","ts":"2025-09-24T02:18:00.717+00:00","eventName":"n8n.node.finished","message":"n8n.node.finished","payload":{"workflowId":"9Nh7UeTlJ22HNNDv","workflowName":"My workflow","executionId":"39","nodeType":"CUSTOM.random","nodeName":"Random","nodeId":"d211732c-d0f7-4460-8e06-fa12162213a8"}}
{"__type":"$$EventMessageConfirm","confirm":"f358eb7b-889f-4815-a584-36cfbf607b53","ts":"2025-09-24T02:18:00.717+00:00","source":{"id":"0","name":"eventBus"}}
{"__type":"$$EventMessageWorkflow","id":"b3635609-470b-42c4-ae6f-af3c52c17ca4","ts":"2025-09-24T02:18:00.718+00:00","eventName":"n8n.workflow.success","message":"n8n.workflow.success","payload":{"userId":"a79f8e1b-609e-4e54-b9ce-c339d9b16371","executionId":"39","success":true,"isManual":true,"workflowId":"9Nh7UeTlJ22HNNDv","workflowName":"My workflow"}}
{"__type":"$$EventMessageConfirm","confirm":"b3635609-470b-42c4-ae6f-af3c52c17ca4","ts":"2025-09-24T02:18:00.718+00:00","source":{"id":"0","name":"eventBus"}}
{"__type":"$$EventMessageWorkflow","id":"1d9d9fbb-c99c-4301-9b62-8b155d0fd01e","ts":"2025-09-24T02:19:36.304+00:00","eventName":"n8n.workflow.started","message":"n8n.workflow.started","payload":{"executionId":"40","workflowId":"9Nh7UeTlJ22HNNDv","isManual":false,"workflowName":"My workflow"}}
{"__type":"$$EventMessageConfirm","confirm":"1d9d9fbb-c99c-4301-9b62-8b155d0fd01e","ts":"2025-09-24T02:19:36.304+00:00","source":{"id":"0","name":"eventBus"}}
{"__type":"$$EventMessageNode","id":"e5e0d4d6-f747-4c83-8a53-4f9b8edf7277","ts":"2025-09-24T02:19:36.305+00:00","eventName":"n8n.node.started","message":"n8n.node.started","payload":{"workflowId":"9Nh7UeTlJ22HNNDv","workflowName":"My workflow","executionId":"40","nodeType":"n8n-nodes-base.manualTrigger","nodeName":"When clicking ‘Execute workflow’","nodeId":"d8989c7b-5fc0-4dee-bab7-823f07825c35"}}
{"__type":"$$EventMessageConfirm","confirm":"e5e0d4d6-f747-4c83-8a53-4f9b8edf7277","ts":"2025-09-24T02:19:36.305+00:00","source":{"id":"0","name":"eventBus"}}
{"__type":"$$EventMessageNode","id":"7fd4dd36-0896-49b1-bb8a-a8afce5364a5","ts":"2025-09-24T02:19:36.307+00:00","eventName":"n8n.node.finished","message":"n8n.node.finished","payload":{"workflowId":"9Nh7UeTlJ22HNNDv","workflowName":"My workflow","executionId":"40","nodeType":"n8n-nodes-base.manualTrigger","nodeName":"When clicking ‘Execute workflow’","nodeId":"d8989c7b-5fc0-4dee-bab7-823f07825c35"}}
{"__type":"$$EventMessageConfirm","confirm":"7fd4dd36-0896-49b1-bb8a-a8afce5364a5","ts":"2025-09-24T02:19:36.307+00:00","source":{"id":"0","name":"eventBus"}}
{"__type":"$$EventMessageNode","id":"f386edfe-c952-4ca3-94b2-d6bb5c84d421","ts":"2025-09-24T02:19:36.308+00:00","eventName":"n8n.node.started","message":"n8n.node.started","payload":{"workflowId":"9Nh7UeTlJ22HNNDv","workflowName":"My workflow","executionId":"40","nodeType":"CUSTOM.random","nodeName":"Random","nodeId":"d211732c-d0f7-4460-8e06-fa12162213a8"}}
{"__type":"$$EventMessageConfirm","confirm":"f386edfe-c952-4ca3-94b2-d6bb5c84d421","ts":"2025-09-24T02:19:36.308+00:00","source":{"id":"0","name":"eventBus"}}
{"__type":"$$EventMessageNode","id":"8555957c-9ebf-40d2-b270-60d783cf9a86","ts":"2025-09-24T02:19:36.692+00:00","eventName":"n8n.node.finished","message":"n8n.node.finished","payload":{"workflowId":"9Nh7UeTlJ22HNNDv","workflowName":"My workflow","executionId":"40","nodeType":"CUSTOM.random","nodeName":"Random","nodeId":"d211732c-d0f7-4460-8e06-fa12162213a8"}}
{"__type":"$$EventMessageConfirm","confirm":"8555957c-9ebf-40d2-b270-60d783cf9a86","ts":"2025-09-24T02:19:36.692+00:00","source":{"id":"0","name":"eventBus"}}
{"__type":"$$EventMessageWorkflow","id":"d4dc5cdf-10e5-4bec-8971-224e445957e5","ts":"2025-09-24T02:19:36.694+00:00","eventName":"n8n.workflow.success","message":"n8n.workflow.success","payload":{"userId":"a79f8e1b-609e-4e54-b9ce-c339d9b16371","executionId":"40","success":true,"isManual":true,"workflowId":"9Nh7UeTlJ22HNNDv","workflowName":"My workflow"}}
{"__type":"$$EventMessageConfirm","confirm":"d4dc5cdf-10e5-4bec-8971-224e445957e5","ts":"2025-09-24T02:19:36.694+00:00","source":{"id":"0","name":"eventBus"}}
{"__type":"$$EventMessageWorkflow","id":"1a696ea9-0bda-4216-8f80-5117e8d16671","ts":"2025-09-24T02:21:18.806+00:00","eventName":"n8n.workflow.started","message":"n8n.workflow.started","payload":{"executionId":"41","workflowId":"9Nh7UeTlJ22HNNDv","isManual":false,"workflowName":"My workflow"}}
{"__type":"$$EventMessageConfirm","confirm":"1a696ea9-0bda-4216-8f80-5117e8d16671","ts":"2025-09-24T02:21:18.806+00:00","source":{"id":"0","name":"eventBus"}}
{"__type":"$$EventMessageNode","id":"2a877f7e-30cd-4af1-b24e-851dc0261ba2","ts":"2025-09-24T02:21:18.806+00:00","eventName":"n8n.node.started","message":"n8n.node.started","payload":{"workflowId":"9Nh7UeTlJ22HNNDv","workflowName":"My workflow","executionId":"41","nodeType":"CUSTOM.random","nodeName":"Random","nodeId":"d211732c-d0f7-4460-8e06-fa12162213a8"}}
{"__type":"$$EventMessageConfirm","confirm":"2a877f7e-30cd-4af1-b24e-851dc0261ba2","ts":"2025-09-24T02:21:18.806+00:00","source":{"id":"0","name":"eventBus"}}
{"__type":"$$EventMessageNode","id":"3042232b-f0cb-4115-8bb2-1c5086562822","ts":"2025-09-24T02:21:19.192+00:00","eventName":"n8n.node.finished","message":"n8n.node.finished","payload":{"workflowId":"9Nh7UeTlJ22HNNDv","workflowName":"My workflow","executionId":"41","nodeType":"CUSTOM.random","nodeName":"Random","nodeId":"d211732c-d0f7-4460-8e06-fa12162213a8"}}
{"__type":"$$EventMessageConfirm","confirm":"3042232b-f0cb-4115-8bb2-1c5086562822","ts":"2025-09-24T02:21:19.192+00:00","source":{"id":"0","name":"eventBus"}}
{"__type":"$$EventMessageWorkflow","id":"09d8be19-01de-406d-bc7e-b7c9ca3bdcdf","ts":"2025-09-24T02:21:19.193+00:00","eventName":"n8n.workflow.success","message":"n8n.workflow.success","payload":{"userId":"a79f8e1b-609e-4e54-b9ce-c339d9b16371","executionId":"41","success":true,"isManual":true,"workflowId":"9Nh7UeTlJ22HNNDv","workflowName":"My workflow"}}
{"__type":"$$EventMessageConfirm","confirm":"09d8be19-01de-406d-bc7e-b7c9ca3bdcdf","ts":"2025-09-24T02:21:19.194+00:00","source":{"id":"0","name":"eventBus"}}
{"__type":"$$EventMessageWorkflow","id":"cfe4e511-6e1d-4b01-ae6d-f9844a1b9c05","ts":"2025-09-24T02:26:46.294+00:00","eventName":"n8n.workflow.started","message":"n8n.workflow.started","payload":{"executionId":"42","workflowId":"9Nh7UeTlJ22HNNDv","isManual":false,"workflowName":"My workflow"}}
{"__type":"$$EventMessageConfirm","confirm":"cfe4e511-6e1d-4b01-ae6d-f9844a1b9c05","ts":"2025-09-24T02:26:46.295+00:00","source":{"id":"0","name":"eventBus"}}
{"__type":"$$EventMessageNode","id":"d0879504-2ac7-4656-a82f-84a3a10ae8c0","ts":"2025-09-24T02:26:46.295+00:00","eventName":"n8n.node.started","message":"n8n.node.started","payload":{"workflowId":"9Nh7UeTlJ22HNNDv","workflowName":"My workflow","executionId":"42","nodeType":"CUSTOM.random","nodeName":"Random","nodeId":"d211732c-d0f7-4460-8e06-fa12162213a8"}}
{"__type":"$$EventMessageConfirm","confirm":"d0879504-2ac7-4656-a82f-84a3a10ae8c0","ts":"2025-09-24T02:26:46.296+00:00","source":{"id":"0","name":"eventBus"}}
{"__type":"$$EventMessageNode","id":"7ecf63c2-8c11-4173-baf6-78a560a1a26d","ts":"2025-09-24T02:26:46.755+00:00","eventName":"n8n.node.finished","message":"n8n.node.finished","payload":{"workflowId":"9Nh7UeTlJ22HNNDv","workflowName":"My workflow","executionId":"42","nodeType":"CUSTOM.random","nodeName":"Random","nodeId":"d211732c-d0f7-4460-8e06-fa12162213a8"}}
{"__type":"$$EventMessageConfirm","confirm":"7ecf63c2-8c11-4173-baf6-78a560a1a26d","ts":"2025-09-24T02:26:46.755+00:00","source":{"id":"0","name":"eventBus"}}
{"__type":"$$EventMessageWorkflow","id":"7cc805af-9a42-45a7-831a-618d04879661","ts":"2025-09-24T02:26:46.758+00:00","eventName":"n8n.workflow.success","message":"n8n.workflow.success","payload":{"userId":"a79f8e1b-609e-4e54-b9ce-c339d9b16371","executionId":"42","success":true,"isManual":true,"workflowId":"9Nh7UeTlJ22HNNDv","workflowName":"My workflow"}}
{"__type":"$$EventMessageConfirm","confirm":"7cc805af-9a42-45a7-831a-618d04879661","ts":"2025-09-24T02:26:46.758+00:00","source":{"id":"0","name":"eventBus"}}
{"__type":"$$EventMessageWorkflow","id":"1fc3a383-5ba4-4abd-bbfb-ae733fb5ade1","ts":"2025-09-24T03:03:18.719+00:00","eventName":"n8n.workflow.started","message":"n8n.workflow.started","payload":{"executionId":"43","workflowId":"9Nh7UeTlJ22HNNDv","isManual":false,"workflowName":"My workflow"}}
{"__type":"$$EventMessageConfirm","confirm":"1fc3a383-5ba4-4abd-bbfb-ae733fb5ade1","ts":"2025-09-24T03:03:18.720+00:00","source":{"id":"0","name":"eventBus"}}
{"__type":"$$EventMessageNode","id":"4362ef50-5a1f-46bb-94d5-ab8c6b21ab42","ts":"2025-09-24T03:03:18.722+00:00","eventName":"n8n.node.started","message":"n8n.node.started","payload":{"workflowId":"9Nh7UeTlJ22HNNDv","workflowName":"My workflow","executionId":"43","nodeType":"CUSTOM.random","nodeName":"Random","nodeId":"d211732c-d0f7-4460-8e06-fa12162213a8"}}
{"__type":"$$EventMessageConfirm","confirm":"4362ef50-5a1f-46bb-94d5-ab8c6b21ab42","ts":"2025-09-24T03:03:18.722+00:00","source":{"id":"0","name":"eventBus"}}
{"__type":"$$EventMessageNode","id":"06acadee-c65b-417b-a244-ceccea182c0b","ts":"2025-09-24T03:03:19.186+00:00","eventName":"n8n.node.finished","message":"n8n.node.finished","payload":{"workflowId":"9Nh7UeTlJ22HNNDv","workflowName":"My workflow","executionId":"43","nodeType":"CUSTOM.random","nodeName":"Random","nodeId":"d211732c-d0f7-4460-8e06-fa12162213a8"}}
{"__type":"$$EventMessageConfirm","confirm":"06acadee-c65b-417b-a244-ceccea182c0b","ts":"2025-09-24T03:03:19.186+00:00","source":{"id":"0","name":"eventBus"}}
{"__type":"$$EventMessageWorkflow","id":"6e1ed903-d4c9-41e8-8951-365f01779f5e","ts":"2025-09-24T03:03:19.191+00:00","eventName":"n8n.workflow.success","message":"n8n.workflow.success","payload":{"userId":"a79f8e1b-609e-4e54-b9ce-c339d9b16371","executionId":"43","success":true,"isManual":true,"workflowId":"9Nh7UeTlJ22HNNDv","workflowName":"My workflow"}}
{"__type":"$$EventMessageConfirm","confirm":"6e1ed903-d4c9-41e8-8951-365f01779f5e","ts":"2025-09-24T03:03:19.191+00:00","source":{"id":"0","name":"eventBus"}}
{"__type":"$$EventMessageWorkflow","id":"a242a8e4-356c-489d-9881-ecfdb931ac79","ts":"2025-09-24T03:20:23.370+00:00","eventName":"n8n.workflow.started","message":"n8n.workflow.started","payload":{"executionId":"44","workflowId":"9Nh7UeTlJ22HNNDv","isManual":false,"workflowName":"My workflow"}}
{"__type":"$$EventMessageConfirm","confirm":"a242a8e4-356c-489d-9881-ecfdb931ac79","ts":"2025-09-24T03:20:23.370+00:00","source":{"id":"0","name":"eventBus"}}
{"__type":"$$EventMessageNode","id":"c27cef98-7518-4916-92e4-1d2ca3e1a3de","ts":"2025-09-24T03:20:23.370+00:00","eventName":"n8n.node.started","message":"n8n.node.started","payload":{"workflowId":"9Nh7UeTlJ22HNNDv","workflowName":"My workflow","executionId":"44","nodeType":"CUSTOM.random","nodeName":"Random","nodeId":"d211732c-d0f7-4460-8e06-fa12162213a8"}}
{"__type":"$$EventMessageConfirm","confirm":"c27cef98-7518-4916-92e4-1d2ca3e1a3de","ts":"2025-09-24T03:20:23.370+00:00","source":{"id":"0","name":"eventBus"}}
{"__type":"$$EventMessageNode","id":"81c107fe-f0e9-4322-8921-c7784c612cce","ts":"2025-09-24T03:20:23.832+00:00","eventName":"n8n.node.finished","message":"n8n.node.finished","payload":{"workflowId":"9Nh7UeTlJ22HNNDv","workflowName":"My workflow","executionId":"44","nodeType":"CUSTOM.random","nodeName":"Random","nodeId":"d211732c-d0f7-4460-8e06-fa12162213a8"}}
{"__type":"$$EventMessageConfirm","confirm":"81c107fe-f0e9-4322-8921-c7784c612cce","ts":"2025-09-24T03:20:23.832+00:00","source":{"id":"0","name":"eventBus"}}
{"__type":"$$EventMessageWorkflow","id":"a0cdfe9a-673c-439f-a833-a5567e80a0d8","ts":"2025-09-24T03:20:23.836+00:00","eventName":"n8n.workflow.success","message":"n8n.workflow.success","payload":{"userId":"a79f8e1b-609e-4e54-b9ce-c339d9b16371","executionId":"44","success":true,"isManual":true,"workflowId":"9Nh7UeTlJ22HNNDv","workflowName":"My workflow"}}
{"__type":"$$EventMessageConfirm","confirm":"a0cdfe9a-673c-439f-a833-a5567e80a0d8","ts":"2025-09-24T03:20:23.836+00:00","source":{"id":"0","name":"eventBus"}}
{"__type":"$$EventMessageWorkflow","id":"49db7911-362d-4351-9f98-b994739aa7c2","ts":"2025-09-24T03:26:08.809+00:00","eventName":"n8n.workflow.started","message":"n8n.workflow.started","payload":{"executionId":"45","workflowId":"9Nh7UeTlJ22HNNDv","isManual":false,"workflowName":"My workflow"}}
{"__type":"$$EventMessageConfirm","confirm":"49db7911-362d-4351-9f98-b994739aa7c2","ts":"2025-09-24T03:26:08.809+00:00","source":{"id":"0","name":"eventBus"}}
{"__type":"$$EventMessageNode","id":"e9e6432e-d6c8-4bfe-859e-c3a4e7a5151c","ts":"2025-09-24T03:26:08.809+00:00","eventName":"n8n.node.started","message":"n8n.node.started","payload":{"workflowId":"9Nh7UeTlJ22HNNDv","workflowName":"My workflow","executionId":"45","nodeType":"CUSTOM.random","nodeName":"Random","nodeId":"d211732c-d0f7-4460-8e06-fa12162213a8"}}
{"__type":"$$EventMessageConfirm","confirm":"e9e6432e-d6c8-4bfe-859e-c3a4e7a5151c","ts":"2025-09-24T03:26:08.809+00:00","source":{"id":"0","name":"eventBus"}}
{"__type":"$$EventMessageNode","id":"b247333f-c75e-4c0d-9f1c-f1d9dd52af90","ts":"2025-09-24T03:26:09.221+00:00","eventName":"n8n.node.finished","message":"n8n.node.finished","payload":{"workflowId":"9Nh7UeTlJ22HNNDv","workflowName":"My workflow","executionId":"45","nodeType":"CUSTOM.random","nodeName":"Random","nodeId":"d211732c-d0f7-4460-8e06-fa12162213a8"}}
{"__type":"$$EventMessageConfirm","confirm":"b247333f-c75e-4c0d-9f1c-f1d9dd52af90","ts":"2025-09-24T03:26:09.221+00:00","source":{"id":"0","name":"eventBus"}}
{"__type":"$$EventMessageWorkflow","id":"efd4fda2-bca4-453b-aec8-dc7dc2d840fd","ts":"2025-09-24T03:26:09.222+00:00","eventName":"n8n.workflow.success","message":"n8n.workflow.success","payload":{"userId":"a79f8e1b-609e-4e54-b9ce-c339d9b16371","executionId":"45","success":true,"isManual":true,"workflowId":"9Nh7UeTlJ22HNNDv","workflowName":"My workflow"}}
{"__type":"$$EventMessageConfirm","confirm":"efd4fda2-bca4-453b-aec8-dc7dc2d840fd","ts":"2025-09-24T03:26:09.222+00:00","source":{"id":"0","name":"eventBus"}}
{"__type":"$$EventMessageWorkflow","id":"322d9935-7a17-494f-824c-e3efe9b54ade","ts":"2025-09-24T03:26:13.852+00:00","eventName":"n8n.workflow.started","message":"n8n.workflow.started","payload":{"executionId":"46","workflowId":"9Nh7UeTlJ22HNNDv","isManual":false,"workflowName":"My workflow"}}
{"__type":"$$EventMessageConfirm","confirm":"322d9935-7a17-494f-824c-e3efe9b54ade","ts":"2025-09-24T03:26:13.852+00:00","source":{"id":"0","name":"eventBus"}}
{"__type":"$$EventMessageNode","id":"f7a4b052-4781-4477-8423-f67b10c4ff8e","ts":"2025-09-24T03:26:13.853+00:00","eventName":"n8n.node.started","message":"n8n.node.started","payload":{"workflowId":"9Nh7UeTlJ22HNNDv","workflowName":"My workflow","executionId":"46","nodeType":"CUSTOM.random","nodeName":"Random","nodeId":"d211732c-d0f7-4460-8e06-fa12162213a8"}}
{"__type":"$$EventMessageConfirm","confirm":"f7a4b052-4781-4477-8423-f67b10c4ff8e","ts":"2025-09-24T03:26:13.853+00:00","source":{"id":"0","name":"eventBus"}}
{"__type":"$$EventMessageNode","id":"478ff2fb-0fa8-4972-bded-9e56698034be","ts":"2025-09-24T03:26:14.241+00:00","eventName":"n8n.node.finished","message":"n8n.node.finished","payload":{"workflowId":"9Nh7UeTlJ22HNNDv","workflowName":"My workflow","executionId":"46","nodeType":"CUSTOM.random","nodeName":"Random","nodeId":"d211732c-d0f7-4460-8e06-fa12162213a8"}}
{"__type":"$$EventMessageConfirm","confirm":"478ff2fb-0fa8-4972-bded-9e56698034be","ts":"2025-09-24T03:26:14.241+00:00","source":{"id":"0","name":"eventBus"}}
{"__type":"$$EventMessageWorkflow","id":"630d8cf9-f25d-4fb0-ac3a-7b1b04bca803","ts":"2025-09-24T03:26:14.242+00:00","eventName":"n8n.workflow.success","message":"n8n.workflow.success","payload":{"userId":"a79f8e1b-609e-4e54-b9ce-c339d9b16371","executionId":"46","success":true,"isManual":true,"workflowId":"9Nh7UeTlJ22HNNDv","workflowName":"My workflow"}}
{"__type":"$$EventMessageConfirm","confirm":"630d8cf9-f25d-4fb0-ac3a-7b1b04bca803","ts":"2025-09-24T03:26:14.242+00:00","source":{"id":"0","name":"eventBus"}}
{"__type":"$$EventMessageWorkflow","id":"ec6d6891-52eb-435b-98f2-92cf422ff43d","ts":"2025-09-24T03:32:53.774+00:00","eventName":"n8n.workflow.started","message":"n8n.workflow.started","payload":{"executionId":"47","workflowId":"9Nh7UeTlJ22HNNDv","isManual":false,"workflowName":"My workflow"}}
{"__type":"$$EventMessageConfirm","confirm":"ec6d6891-52eb-435b-98f2-92cf422ff43d","ts":"2025-09-24T03:32:53.774+00:00","source":{"id":"0","name":"eventBus"}}
{"__type":"$$EventMessageNode","id":"8db0a767-ac3c-46f0-b7e2-99e1f9284a0d","ts":"2025-09-24T03:32:53.775+00:00","eventName":"n8n.node.started","message":"n8n.node.started","payload":{"workflowId":"9Nh7UeTlJ22HNNDv","workflowName":"My workflow","executionId":"47","nodeType":"CUSTOM.random","nodeName":"Random","nodeId":"d211732c-d0f7-4460-8e06-fa12162213a8"}}
{"__type":"$$EventMessageConfirm","confirm":"8db0a767-ac3c-46f0-b7e2-99e1f9284a0d","ts":"2025-09-24T03:32:53.775+00:00","source":{"id":"0","name":"eventBus"}}
{"__type":"$$EventMessageNode","id":"a4c5cccc-44a1-4e45-ad51-4531b694ea86","ts":"2025-09-24T03:32:54.192+00:00","eventName":"n8n.node.finished","message":"n8n.node.finished","payload":{"workflowId":"9Nh7UeTlJ22HNNDv","workflowName":"My workflow","executionId":"47","nodeType":"CUSTOM.random","nodeName":"Random","nodeId":"d211732c-d0f7-4460-8e06-fa12162213a8"}}
{"__type":"$$EventMessageConfirm","confirm":"a4c5cccc-44a1-4e45-ad51-4531b694ea86","ts":"2025-09-24T03:32:54.192+00:00","source":{"id":"0","name":"eventBus"}}
{"__type":"$$EventMessageWorkflow","id":"bff9efa0-dd77-41e8-9197-fb086cd2a2f4","ts":"2025-09-24T03:32:54.194+00:00","eventName":"n8n.workflow.success","message":"n8n.workflow.success","payload":{"userId":"a79f8e1b-609e-4e54-b9ce-c339d9b16371","executionId":"47","success":true,"isManual":true,"workflowId":"9Nh7UeTlJ22HNNDv","workflowName":"My workflow"}}
{"__type":"$$EventMessageConfirm","confirm":"bff9efa0-dd77-41e8-9197-fb086cd2a2f4","ts":"2025-09-24T03:32:54.194+00:00","source":{"id":"0","name":"eventBus"}}
{"__type":"$$EventMessageWorkflow","id":"05baf77d-2186-4647-8ae9-3ec681076b7e","ts":"2025-09-24T03:33:05.216+00:00","eventName":"n8n.workflow.started","message":"n8n.workflow.started","payload":{"executionId":"48","workflowId":"9Nh7UeTlJ22HNNDv","isManual":false,"workflowName":"My workflow"}}
{"__type":"$$EventMessageConfirm","confirm":"05baf77d-2186-4647-8ae9-3ec681076b7e","ts":"2025-09-24T03:33:05.217+00:00","source":{"id":"0","name":"eventBus"}}
{"__type":"$$EventMessageNode","id":"fc684036-4aae-4f23-8d93-84c7ba50a106","ts":"2025-09-24T03:33:05.227+00:00","eventName":"n8n.node.started","message":"n8n.node.started","payload":{"workflowId":"9Nh7UeTlJ22HNNDv","workflowName":"My workflow","executionId":"48","nodeType":"CUSTOM.random","nodeName":"Random","nodeId":"d211732c-d0f7-4460-8e06-fa12162213a8"}}
{"__type":"$$EventMessageConfirm","confirm":"fc684036-4aae-4f23-8d93-84c7ba50a106","ts":"2025-09-24T03:33:05.227+00:00","source":{"id":"0","name":"eventBus"}}
{"__type":"$$EventMessageNode","id":"21f18684-c7ed-4d76-9ba4-1c263b62a2c7","ts":"2025-09-24T03:33:05.578+00:00","eventName":"n8n.node.finished","message":"n8n.node.finished","payload":{"workflowId":"9Nh7UeTlJ22HNNDv","workflowName":"My workflow","executionId":"48","nodeType":"CUSTOM.random","nodeName":"Random","nodeId":"d211732c-d0f7-4460-8e06-fa12162213a8"}}
{"__type":"$$EventMessageConfirm","confirm":"21f18684-c7ed-4d76-9ba4-1c263b62a2c7","ts":"2025-09-24T03:33:05.578+00:00","source":{"id":"0","name":"eventBus"}}
{"__type":"$$EventMessageWorkflow","id":"716b403f-b097-49e6-b1cb-5027518966bb","ts":"2025-09-24T03:33:05.580+00:00","eventName":"n8n.workflow.success","message":"n8n.workflow.success","payload":{"userId":"a79f8e1b-609e-4e54-b9ce-c339d9b16371","executionId":"48","success":true,"isManual":true,"workflowId":"9Nh7UeTlJ22HNNDv","workflowName":"My workflow"}}
{"__type":"$$EventMessageConfirm","confirm":"716b403f-b097-49e6-b1cb-5027518966bb","ts":"2025-09-24T03:33:05.580+00:00","source":{"id":"0","name":"eventBus"}}
{"__type":"$$EventMessageWorkflow","id":"33788630-ddb5-44c3-9aac-59b9cccdca6c","ts":"2025-09-24T03:34:12.933+00:00","eventName":"n8n.workflow.started","message":"n8n.workflow.started","payload":{"executionId":"49","workflowId":"9Nh7UeTlJ22HNNDv","isManual":false,"workflowName":"My workflow"}}
{"__type":"$$EventMessageConfirm","confirm":"33788630-ddb5-44c3-9aac-59b9cccdca6c","ts":"2025-09-24T03:34:12.933+00:00","source":{"id":"0","name":"eventBus"}}
{"__type":"$$EventMessageNode","id":"f688635c-6056-4d94-b6aa-86ef566068a3","ts":"2025-09-24T03:34:12.934+00:00","eventName":"n8n.node.started","message":"n8n.node.started","payload":{"workflowId":"9Nh7UeTlJ22HNNDv","workflowName":"My workflow","executionId":"49","nodeType":"CUSTOM.random","nodeName":"Random","nodeId":"d211732c-d0f7-4460-8e06-fa12162213a8"}}
{"__type":"$$EventMessageConfirm","confirm":"f688635c-6056-4d94-b6aa-86ef566068a3","ts":"2025-09-24T03:34:12.934+00:00","source":{"id":"0","name":"eventBus"}}
{"__type":"$$EventMessageNode","id":"c5979b5d-e837-4486-8315-b99a4b81f327","ts":"2025-09-24T03:34:13.320+00:00","eventName":"n8n.node.finished","message":"n8n.node.finished","payload":{"workflowId":"9Nh7UeTlJ22HNNDv","workflowName":"My workflow","executionId":"49","nodeType":"CUSTOM.random","nodeName":"Random","nodeId":"d211732c-d0f7-4460-8e06-fa12162213a8"}}
{"__type":"$$EventMessageConfirm","confirm":"c5979b5d-e837-4486-8315-b99a4b81f327","ts":"2025-09-24T03:34:13.320+00:00","source":{"id":"0","name":"eventBus"}}
{"__type":"$$EventMessageWorkflow","id":"8ec027a4-d935-42ef-aad7-8da7227a1bf5","ts":"2025-09-24T03:34:13.324+00:00","eventName":"n8n.workflow.success","message":"n8n.workflow.success","payload":{"userId":"a79f8e1b-609e-4e54-b9ce-c339d9b16371","executionId":"49","success":true,"isManual":true,"workflowId":"9Nh7UeTlJ22HNNDv","workflowName":"My workflow"}}
{"__type":"$$EventMessageConfirm","confirm":"8ec027a4-d935-42ef-aad7-8da7227a1bf5","ts":"2025-09-24T03:34:13.325+00:00","source":{"id":"0","name":"eventBus"}}
{"__type":"$$EventMessageWorkflow","id":"ceff0d9a-2f8e-4f02-aaee-34d6af07f12e","ts":"2025-09-24T03:39:12.179+00:00","eventName":"n8n.workflow.started","message":"n8n.workflow.started","payload":{"executionId":"50","workflowId":"9Nh7UeTlJ22HNNDv","isManual":false,"workflowName":"My workflow"}}
{"__type":"$$EventMessageConfirm","confirm":"ceff0d9a-2f8e-4f02-aaee-34d6af07f12e","ts":"2025-09-24T03:39:12.180+00:00","source":{"id":"0","name":"eventBus"}}
{"__type":"$$EventMessageNode","id":"57a5c665-59d3-48b5-ad34-8af1f992d2c6","ts":"2025-09-24T03:39:12.180+00:00","eventName":"n8n.node.started","message":"n8n.node.started","payload":{"workflowId":"9Nh7UeTlJ22HNNDv","workflowName":"My workflow","executionId":"50","nodeType":"CUSTOM.random","nodeName":"Random","nodeId":"d211732c-d0f7-4460-8e06-fa12162213a8"}}
{"__type":"$$EventMessageConfirm","confirm":"57a5c665-59d3-48b5-ad34-8af1f992d2c6","ts":"2025-09-24T03:39:12.181+00:00","source":{"id":"0","name":"eventBus"}}
{"__type":"$$EventMessageNode","id":"301a9faa-8934-4128-b7f6-ddfe4d0837d2","ts":"2025-09-24T03:39:13.111+00:00","eventName":"n8n.node.finished","message":"n8n.node.finished","payload":{"workflowId":"9Nh7UeTlJ22HNNDv","workflowName":"My workflow","executionId":"50","nodeType":"CUSTOM.random","nodeName":"Random","nodeId":"d211732c-d0f7-4460-8e06-fa12162213a8"}}
{"__type":"$$EventMessageConfirm","confirm":"301a9faa-8934-4128-b7f6-ddfe4d0837d2","ts":"2025-09-24T03:39:13.111+00:00","source":{"id":"0","name":"eventBus"}}
{"__type":"$$EventMessageWorkflow","id":"fe677860-51e1-4f0e-afec-4717fc05ea1b","ts":"2025-09-24T03:39:13.112+00:00","eventName":"n8n.workflow.success","message":"n8n.workflow.success","payload":{"userId":"a79f8e1b-609e-4e54-b9ce-c339d9b16371","executionId":"50","success":true,"isManual":true,"workflowId":"9Nh7UeTlJ22HNNDv","workflowName":"My workflow"}}
{"__type":"$$EventMessageConfirm","confirm":"fe677860-51e1-4f0e-afec-4717fc05ea1b","ts":"2025-09-24T03:39:13.112+00:00","source":{"id":"0","name":"eventBus"}}
{"__type":"$$EventMessageWorkflow","id":"40a8f5c8-dde3-48a4-b3a4-34c601b8bce9","ts":"2025-09-24T03:39:14.602+00:00","eventName":"n8n.workflow.started","message":"n8n.workflow.started","payload":{"executionId":"51","workflowId":"9Nh7UeTlJ22HNNDv","isManual":false,"workflowName":"My workflow"}}
{"__type":"$$EventMessageConfirm","confirm":"40a8f5c8-dde3-48a4-b3a4-34c601b8bce9","ts":"2025-09-24T03:39:14.602+00:00","source":{"id":"0","name":"eventBus"}}
{"__type":"$$EventMessageNode","id":"8960fa57-942d-47a3-8295-dd315c603ea8","ts":"2025-09-24T03:39:14.602+00:00","eventName":"n8n.node.started","message":"n8n.node.started","payload":{"workflowId":"9Nh7UeTlJ22HNNDv","workflowName":"My workflow","executionId":"51","nodeType":"CUSTOM.random","nodeName":"Random","nodeId":"d211732c-d0f7-4460-8e06-fa12162213a8"}}
{"__type":"$$EventMessageConfirm","confirm":"8960fa57-942d-47a3-8295-dd315c603ea8","ts":"2025-09-24T03:39:14.602+00:00","source":{"id":"0","name":"eventBus"}}
{"__type":"$$EventMessageNode","id":"c48d229d-2d3a-4090-b274-f96e937a8efd","ts":"2025-09-24T03:39:14.974+00:00","eventName":"n8n.node.finished","message":"n8n.node.finished","payload":{"workflowId":"9Nh7UeTlJ22HNNDv","workflowName":"My workflow","executionId":"51","nodeType":"CUSTOM.random","nodeName":"Random","nodeId":"d211732c-d0f7-4460-8e06-fa12162213a8"}}
{"__type":"$$EventMessageConfirm","confirm":"c48d229d-2d3a-4090-b274-f96e937a8efd","ts":"2025-09-24T03:39:14.974+00:00","source":{"id":"0","name":"eventBus"}}
{"__type":"$$EventMessageWorkflow","id":"d39d0d29-c375-447e-936c-fa2893f23ae9","ts":"2025-09-24T03:39:14.977+00:00","eventName":"n8n.workflow.success","message":"n8n.workflow.success","payload":{"userId":"a79f8e1b-609e-4e54-b9ce-c339d9b16371","executionId":"51","success":true,"isManual":true,"workflowId":"9Nh7UeTlJ22HNNDv","workflowName":"My workflow"}}
{"__type":"$$EventMessageConfirm","confirm":"d39d0d29-c375-447e-936c-fa2893f23ae9","ts":"2025-09-24T03:39:14.977+00:00","source":{"id":"0","name":"eventBus"}}
{"__type":"$$EventMessageWorkflow","id":"f8d66b17-32bf-4b49-9409-5450bf6aa21d","ts":"2025-09-24T12:21:48.249+00:00","eventName":"n8n.workflow.started","message":"n8n.workflow.started","payload":{"executionId":"52","workflowId":"9Nh7UeTlJ22HNNDv","isManual":false,"workflowName":"My workflow"}}
{"__type":"$$EventMessageConfirm","confirm":"f8d66b17-32bf-4b49-9409-5450bf6aa21d","ts":"2025-09-24T12:21:48.249+00:00","source":{"id":"0","name":"eventBus"}}
{"__type":"$$EventMessageNode","id":"494557a4-2d73-4e6a-bc25-e0741d7e41e1","ts":"2025-09-24T12:21:48.251+00:00","eventName":"n8n.node.started","message":"n8n.node.started","payload":{"workflowId":"9Nh7UeTlJ22HNNDv","workflowName":"My workflow","executionId":"52","nodeType":"CUSTOM.random","nodeName":"Random","nodeId":"d211732c-d0f7-4460-8e06-fa12162213a8"}}
{"__type":"$$EventMessageConfirm","confirm":"494557a4-2d73-4e6a-bc25-e0741d7e41e1","ts":"2025-09-24T12:21:48.251+00:00","source":{"id":"0","name":"eventBus"}}
{"__type":"$$EventMessageNode","id":"89843202-7be7-4830-a13a-55952b4bd8c8","ts":"2025-09-24T12:21:48.724+00:00","eventName":"n8n.node.finished","message":"n8n.node.finished","payload":{"workflowId":"9Nh7UeTlJ22HNNDv","workflowName":"My workflow","executionId":"52","nodeType":"CUSTOM.random","nodeName":"Random","nodeId":"d211732c-d0f7-4460-8e06-fa12162213a8"}}
{"__type":"$$EventMessageConfirm","confirm":"89843202-7be7-4830-a13a-55952b4bd8c8","ts":"2025-09-24T12:21:48.724+00:00","source":{"id":"0","name":"eventBus"}}
{"__type":"$$EventMessageWorkflow","id":"9c2aac7a-eb0e-41fe-90b5-cdfe346367e0","ts":"2025-09-24T12:21:48.726+00:00","eventName":"n8n.workflow.success","message":"n8n.workflow.success","payload":{"userId":"a79f8e1b-609e-4e54-b9ce-c339d9b16371","executionId":"52","success":true,"isManual":true,"workflowId":"9Nh7UeTlJ22HNNDv","workflowName":"My workflow"}}
{"__type":"$$EventMessageConfirm","confirm":"9c2aac7a-eb0e-41fe-90b5-cdfe346367e0","ts":"2025-09-24T12:21:48.726+00:00","source":{"id":"0","name":"eventBus"}}
{"__type":"$$EventMessageWorkflow","id":"e45ee8a2-ddbe-496b-8d04-99a44ff99981","ts":"2025-09-24T12:21:50.776+00:00","eventName":"n8n.workflow.started","message":"n8n.workflow.started","payload":{"executionId":"53","workflowId":"9Nh7UeTlJ22HNNDv","isManual":false,"workflowName":"My workflow"}}
{"__type":"$$EventMessageConfirm","confirm":"e45ee8a2-ddbe-496b-8d04-99a44ff99981","ts":"2025-09-24T12:21:50.776+00:00","source":{"id":"0","name":"eventBus"}}
{"__type":"$$EventMessageNode","id":"c79717a2-cd37-4987-b1f5-73c625fd3e47","ts":"2025-09-24T12:21:50.777+00:00","eventName":"n8n.node.started","message":"n8n.node.started","payload":{"workflowId":"9Nh7UeTlJ22HNNDv","workflowName":"My workflow","executionId":"53","nodeType":"CUSTOM.random","nodeName":"Random","nodeId":"d211732c-d0f7-4460-8e06-fa12162213a8"}}
{"__type":"$$EventMessageConfirm","confirm":"c79717a2-cd37-4987-b1f5-73c625fd3e47","ts":"2025-09-24T12:21:50.777+00:00","source":{"id":"0","name":"eventBus"}}
{"__type":"$$EventMessageNode","id":"73fe1d49-1728-4b28-8355-7688f3d569ea","ts":"2025-09-24T12:22:36.397+00:00","eventName":"n8n.node.finished","message":"n8n.node.finished","payload":{"workflowId":"9Nh7UeTlJ22HNNDv","workflowName":"My workflow","executionId":"53","nodeType":"CUSTOM.random","nodeName":"Random","nodeId":"d211732c-d0f7-4460-8e06-fa12162213a8"}}
{"__type":"$$EventMessageConfirm","confirm":"73fe1d49-1728-4b28-8355-7688f3d569ea","ts":"2025-09-24T12:22:36.397+00:00","source":{"id":"0","name":"eventBus"}}
{"__type":"$$EventMessageWorkflow","id":"11365c68-3b9e-4a00-8531-e6cec3dab01c","ts":"2025-09-24T12:22:36.401+00:00","eventName":"n8n.workflow.success","message":"n8n.workflow.success","payload":{"userId":"a79f8e1b-609e-4e54-b9ce-c339d9b16371","executionId":"53","success":true,"isManual":true,"workflowId":"9Nh7UeTlJ22HNNDv","workflowName":"My workflow"}}
{"__type":"$$EventMessageConfirm","confirm":"11365c68-3b9e-4a00-8531-e6cec3dab01c","ts":"2025-09-24T12:22:36.401+00:00","source":{"id":"0","name":"eventBus"}}
{"__type":"$$EventMessageWorkflow","id":"8ec81faa-ef83-446e-ac35-20fb0ac00e7e","ts":"2025-09-24T12:22:39.829+00:00","eventName":"n8n.workflow.started","message":"n8n.workflow.started","payload":{"executionId":"54","workflowId":"9Nh7UeTlJ22HNNDv","isManual":false,"workflowName":"My workflow"}}
{"__type":"$$EventMessageConfirm","confirm":"8ec81faa-ef83-446e-ac35-20fb0ac00e7e","ts":"2025-09-24T12:22:39.830+00:00","source":{"id":"0","name":"eventBus"}}
{"__type":"$$EventMessageNode","id":"986cce24-6808-4767-82a1-494a9f943643","ts":"2025-09-24T12:22:39.832+00:00","eventName":"n8n.node.started","message":"n8n.node.started","payload":{"workflowId":"9Nh7UeTlJ22HNNDv","workflowName":"My workflow","executionId":"54","nodeType":"CUSTOM.random","nodeName":"Random","nodeId":"d211732c-d0f7-4460-8e06-fa12162213a8"}}
{"__type":"$$EventMessageConfirm","confirm":"986cce24-6808-4767-82a1-494a9f943643","ts":"2025-09-24T12:22:39.832+00:00","source":{"id":"0","name":"eventBus"}}
{"__type":"$$EventMessageNode","id":"29ce44d8-ac07-49ae-8328-2f32855b8a77","ts":"2025-09-24T12:22:40.227+00:00","eventName":"n8n.node.finished","message":"n8n.node.finished","payload":{"workflowId":"9Nh7UeTlJ22HNNDv","workflowName":"My workflow","executionId":"54","nodeType":"CUSTOM.random","nodeName":"Random","nodeId":"d211732c-d0f7-4460-8e06-fa12162213a8"}}
{"__type":"$$EventMessageConfirm","confirm":"29ce44d8-ac07-49ae-8328-2f32855b8a77","ts":"2025-09-24T12:22:40.227+00:00","source":{"id":"0","name":"eventBus"}}
{"__type":"$$EventMessageWorkflow","id":"38cac307-7f78-47a5-98d2-98045d0bee16","ts":"2025-09-24T12:22:40.231+00:00","eventName":"n8n.workflow.success","message":"n8n.workflow.success","payload":{"userId":"a79f8e1b-609e-4e54-b9ce-c339d9b16371","executionId":"54","success":true,"isManual":true,"workflowId":"9Nh7UeTlJ22HNNDv","workflowName":"My workflow"}}
{"__type":"$$EventMessageConfirm","confirm":"38cac307-7f78-47a5-98d2-98045d0bee16","ts":"2025-09-24T12:22:40.231+00:00","source":{"id":"0","name":"eventBus"}}
{"__type":"$$EventMessageWorkflow","id":"5c21f80c-ece2-4909-b4ca-d3a1b7556098","ts":"2025-09-24T12:22:41.477+00:00","eventName":"n8n.workflow.started","message":"n8n.workflow.started","payload":{"executionId":"55","workflowId":"9Nh7UeTlJ22HNNDv","isManual":false,"workflowName":"My workflow"}}
{"__type":"$$EventMessageConfirm","confirm":"5c21f80c-ece2-4909-b4ca-d3a1b7556098","ts":"2025-09-24T12:22:41.477+00:00","source":{"id":"0","name":"eventBus"}}
{"__type":"$$EventMessageNode","id":"1c0311ab-7b23-4b41-b74e-5f706348ae5e","ts":"2025-09-24T12:22:41.478+00:00","eventName":"n8n.node.started","message":"n8n.node.started","payload":{"workflowId":"9Nh7UeTlJ22HNNDv","workflowName":"My workflow","executionId":"55","nodeType":"CUSTOM.random","nodeName":"Random","nodeId":"d211732c-d0f7-4460-8e06-fa12162213a8"}}
{"__type":"$$EventMessageConfirm","confirm":"1c0311ab-7b23-4b41-b74e-5f706348ae5e","ts":"2025-09-24T12:22:41.478+00:00","source":{"id":"0","name":"eventBus"}}
{"__type":"$$EventMessageNode","id":"958df784-469a-4439-938c-c0d91110c64f","ts":"2025-09-24T12:22:41.892+00:00","eventName":"n8n.node.finished","message":"n8n.node.finished","payload":{"workflowId":"9Nh7UeTlJ22HNNDv","workflowName":"My workflow","executionId":"55","nodeType":"CUSTOM.random","nodeName":"Random","nodeId":"d211732c-d0f7-4460-8e06-fa12162213a8"}}
{"__type":"$$EventMessageConfirm","confirm":"958df784-469a-4439-938c-c0d91110c64f","ts":"2025-09-24T12:22:41.893+00:00","source":{"id":"0","name":"eventBus"}}
{"__type":"$$EventMessageWorkflow","id":"8cc3ab5a-2c3f-46fe-a6ec-921975d6e520","ts":"2025-09-24T12:22:41.896+00:00","eventName":"n8n.workflow.success","message":"n8n.workflow.success","payload":{"userId":"a79f8e1b-609e-4e54-b9ce-c339d9b16371","executionId":"55","success":true,"isManual":true,"workflowId":"9Nh7UeTlJ22HNNDv","workflowName":"My workflow"}}
{"__type":"$$EventMessageConfirm","confirm":"8cc3ab5a-2c3f-46fe-a6ec-921975d6e520","ts":"2025-09-24T12:22:41.896+00:00","source":{"id":"0","name":"eventBus"}}
{"__type":"$$EventMessageWorkflow","id":"786a2378-3256-4bf8-b473-682c57b57771","ts":"2025-09-24T12:30:30.873+00:00","eventName":"n8n.workflow.started","message":"n8n.workflow.started","payload":{"executionId":"56","workflowId":"9Nh7UeTlJ22HNNDv","isManual":false,"workflowName":"My workflow"}}
{"__type":"$$EventMessageConfirm","confirm":"786a2378-3256-4bf8-b473-682c57b57771","ts":"2025-09-24T12:30:30.874+00:00","source":{"id":"0","name":"eventBus"}}
{"__type":"$$EventMessageNode","id":"874cf972-c985-4ca8-8e9c-48013442315c","ts":"2025-09-24T12:30:30.874+00:00","eventName":"n8n.node.started","message":"n8n.node.started","payload":{"workflowId":"9Nh7UeTlJ22HNNDv","workflowName":"My workflow","executionId":"56","nodeType":"CUSTOM.random","nodeName":"Random","nodeId":"d211732c-d0f7-4460-8e06-fa12162213a8"}}
{"__type":"$$EventMessageConfirm","confirm":"874cf972-c985-4ca8-8e9c-48013442315c","ts":"2025-09-24T12:30:30.874+00:00","source":{"id":"0","name":"eventBus"}}
{"__type":"$$EventMessageNode","id":"efb349e1-df95-4560-b537-922ce7555e10","ts":"2025-09-24T12:30:31.317+00:00","eventName":"n8n.node.finished","message":"n8n.node.finished","payload":{"workflowId":"9Nh7UeTlJ22HNNDv","workflowName":"My workflow","executionId":"56","nodeType":"CUSTOM.random","nodeName":"Random","nodeId":"d211732c-d0f7-4460-8e06-fa12162213a8"}}
{"__type":"$$EventMessageConfirm","confirm":"efb349e1-df95-4560-b537-922ce7555e10","ts":"2025-09-24T12:30:31.317+00:00","source":{"id":"0","name":"eventBus"}}
{"__type":"$$EventMessageWorkflow","id":"71e91199-f3df-4c33-9c03-3e59388ec7e5","ts":"2025-09-24T12:30:31.322+00:00","eventName":"n8n.workflow.success","message":"n8n.workflow.success","payload":{"userId":"a79f8e1b-609e-4e54-b9ce-c339d9b16371","executionId":"56","success":true,"isManual":true,"workflowId":"9Nh7UeTlJ22HNNDv","workflowName":"My workflow"}}
{"__type":"$$EventMessageConfirm","confirm":"71e91199-f3df-4c33-9c03-3e59388ec7e5","ts":"2025-09-24T12:30:31.322+00:00","source":{"id":"0","name":"eventBus"}}
