{"__type":"$$EventMessageAudit","id":"1b205212-451f-418b-9cff-4ea07e1a7260","ts":"2025-09-23T17:12:48.072+00:00","eventName":"n8n.audit.workflow.created","message":"n8n.audit.workflow.created","payload":{"userId":"a79f8e1b-609e-4e54-b9ce-c339d9b16371","_email":"luisaferreira1088@gmail.com","_firstName":"Luísa","_lastName":"Marques","globalRole":"global:owner","workflowId":"9Nh7UeTlJ22HNNDv","workflowName":"My workflow"}}
{"__type":"$$EventMessageConfirm","confirm":"1b205212-451f-418b-9cff-4ea07e1a7260","ts":"2025-09-23T17:12:48.072+00:00","source":{"id":"0","name":"eventBus"}}
{"__type":"$$EventMessageWorkflow","id":"94a37cc1-1fe3-4374-b73a-934e0b1ca72c","ts":"2025-09-23T17:12:48.347+00:00","eventName":"n8n.workflow.started","message":"n8n.workflow.started","payload":{"executionId":"1","workflowId":"9Nh7UeTlJ22HNNDv","isManual":false,"workflowName":"My workflow"}}
{"__type":"$$EventMessageConfirm","confirm":"94a37cc1-1fe3-4374-b73a-934e0b1ca72c","ts":"2025-09-23T17:12:48.347+00:00","source":{"id":"0","name":"eventBus"}}
{"__type":"$$EventMessageNode","id":"0b3d7a3a-8951-4f97-a924-e7e5183ad7b6","ts":"2025-09-23T17:12:48.349+00:00","eventName":"n8n.node.started","message":"n8n.node.started","payload":{"workflowId":"9Nh7UeTlJ22HNNDv","workflowName":"My workflow","executionId":"1","nodeType":"n8n-nodes-base.manualTrigger","nodeName":"When clicking ‘Execute workflow’","nodeId":"d8989c7b-5fc0-4dee-bab7-823f07825c35"}}
{"__type":"$$EventMessageConfirm","confirm":"0b3d7a3a-8951-4f97-a924-e7e5183ad7b6","ts":"2025-09-23T17:12:48.349+00:00","source":{"id":"0","name":"eventBus"}}
{"__type":"$$EventMessageNode","id":"bdc13857-dc4f-4209-b9f7-c5cd87685a51","ts":"2025-09-23T17:12:48.358+00:00","eventName":"n8n.node.finished","message":"n8n.node.finished","payload":{"workflowId":"9Nh7UeTlJ22HNNDv","workflowName":"My workflow","executionId":"1","nodeType":"n8n-nodes-base.manualTrigger","nodeName":"When clicking ‘Execute workflow’","nodeId":"d8989c7b-5fc0-4dee-bab7-823f07825c35"}}
{"__type":"$$EventMessageConfirm","confirm":"bdc13857-dc4f-4209-b9f7-c5cd87685a51","ts":"2025-09-23T17:12:48.358+00:00","source":{"id":"0","name":"eventBus"}}
{"__type":"$$EventMessageNode","id":"6671c410-5fe9-4db5-8811-3aaa84c9066a","ts":"2025-09-23T17:12:48.359+00:00","eventName":"n8n.node.started","message":"n8n.node.started","payload":{"workflowId":"9Nh7UeTlJ22HNNDv","workflowName":"My workflow","executionId":"1","nodeType":"CUSTOM.random","nodeName":"Random","nodeId":"d211732c-d0f7-4460-8e06-fa12162213a8"}}
{"__type":"$$EventMessageConfirm","confirm":"6671c410-5fe9-4db5-8811-3aaa84c9066a","ts":"2025-09-23T17:12:48.359+00:00","source":{"id":"0","name":"eventBus"}}
{"__type":"$$EventMessageNode","id":"def2aa00-7607-4580-8f71-5999b558c736","ts":"2025-09-23T17:12:48.795+00:00","eventName":"n8n.node.finished","message":"n8n.node.finished","payload":{"workflowId":"9Nh7UeTlJ22HNNDv","workflowName":"My workflow","executionId":"1","nodeType":"CUSTOM.random","nodeName":"Random","nodeId":"d211732c-d0f7-4460-8e06-fa12162213a8"}}
{"__type":"$$EventMessageConfirm","confirm":"def2aa00-7607-4580-8f71-5999b558c736","ts":"2025-09-23T17:12:48.795+00:00","source":{"id":"0","name":"eventBus"}}
{"__type":"$$EventMessageWorkflow","id":"20f82ad7-49e9-4520-afea-9c181662cde1","ts":"2025-09-23T17:12:48.801+00:00","eventName":"n8n.workflow.success","message":"n8n.workflow.success","payload":{"userId":"a79f8e1b-609e-4e54-b9ce-c339d9b16371","executionId":"1","success":true,"isManual":true,"workflowId":"9Nh7UeTlJ22HNNDv","workflowName":"My workflow"}}
{"__type":"$$EventMessageConfirm","confirm":"20f82ad7-49e9-4520-afea-9c181662cde1","ts":"2025-09-23T17:12:48.802+00:00","source":{"id":"0","name":"eventBus"}}
{"__type":"$$EventMessageWorkflow","id":"fb992f9d-3fe8-4eb0-b6fd-0c405a429af5","ts":"2025-09-23T17:20:15.274+00:00","eventName":"n8n.workflow.started","message":"n8n.workflow.started","payload":{"executionId":"2","workflowId":"9Nh7UeTlJ22HNNDv","isManual":false,"workflowName":"My workflow"}}
{"__type":"$$EventMessageConfirm","confirm":"fb992f9d-3fe8-4eb0-b6fd-0c405a429af5","ts":"2025-09-23T17:20:15.274+00:00","source":{"id":"0","name":"eventBus"}}
{"__type":"$$EventMessageNode","id":"d004f583-6247-4028-b745-c93e0d027c80","ts":"2025-09-23T17:20:15.275+00:00","eventName":"n8n.node.started","message":"n8n.node.started","payload":{"workflowId":"9Nh7UeTlJ22HNNDv","workflowName":"My workflow","executionId":"2","nodeType":"CUSTOM.random","nodeName":"Random","nodeId":"d211732c-d0f7-4460-8e06-fa12162213a8"}}
{"__type":"$$EventMessageConfirm","confirm":"d004f583-6247-4028-b745-c93e0d027c80","ts":"2025-09-23T17:20:15.276+00:00","source":{"id":"0","name":"eventBus"}}
{"__type":"$$EventMessageNode","id":"01b26965-2e19-4fff-9fe6-f979938474ed","ts":"2025-09-23T17:20:15.680+00:00","eventName":"n8n.node.finished","message":"n8n.node.finished","payload":{"workflowId":"9Nh7UeTlJ22HNNDv","workflowName":"My workflow","executionId":"2","nodeType":"CUSTOM.random","nodeName":"Random","nodeId":"d211732c-d0f7-4460-8e06-fa12162213a8"}}
{"__type":"$$EventMessageConfirm","confirm":"01b26965-2e19-4fff-9fe6-f979938474ed","ts":"2025-09-23T17:20:15.680+00:00","source":{"id":"0","name":"eventBus"}}
{"__type":"$$EventMessageWorkflow","id":"f0b00e4e-0378-4318-803f-a70cd9ee4ac7","ts":"2025-09-23T17:20:15.682+00:00","eventName":"n8n.workflow.success","message":"n8n.workflow.success","payload":{"userId":"a79f8e1b-609e-4e54-b9ce-c339d9b16371","executionId":"2","success":true,"isManual":true,"workflowId":"9Nh7UeTlJ22HNNDv","workflowName":"My workflow"}}
{"__type":"$$EventMessageConfirm","confirm":"f0b00e4e-0378-4318-803f-a70cd9ee4ac7","ts":"2025-09-23T17:20:15.682+00:00","source":{"id":"0","name":"eventBus"}}
{"__type":"$$EventMessageWorkflow","id":"064a575b-5335-4273-a499-47a6f1176131","ts":"2025-09-23T17:20:30.064+00:00","eventName":"n8n.workflow.started","message":"n8n.workflow.started","payload":{"executionId":"3","workflowId":"9Nh7UeTlJ22HNNDv","isManual":false,"workflowName":"My workflow"}}
{"__type":"$$EventMessageConfirm","confirm":"064a575b-5335-4273-a499-47a6f1176131","ts":"2025-09-23T17:20:30.064+00:00","source":{"id":"0","name":"eventBus"}}
{"__type":"$$EventMessageNode","id":"c46ef44d-2a70-4199-85cd-acbd1693f461","ts":"2025-09-23T17:20:30.064+00:00","eventName":"n8n.node.started","message":"n8n.node.started","payload":{"workflowId":"9Nh7UeTlJ22HNNDv","workflowName":"My workflow","executionId":"3","nodeType":"CUSTOM.random","nodeName":"Random","nodeId":"d211732c-d0f7-4460-8e06-fa12162213a8"}}
{"__type":"$$EventMessageConfirm","confirm":"c46ef44d-2a70-4199-85cd-acbd1693f461","ts":"2025-09-23T17:20:30.064+00:00","source":{"id":"0","name":"eventBus"}}
{"__type":"$$EventMessageNode","id":"c5477b76-53fd-444e-81a4-d1a457b38606","ts":"2025-09-23T17:20:30.442+00:00","eventName":"n8n.node.finished","message":"n8n.node.finished","payload":{"workflowId":"9Nh7UeTlJ22HNNDv","workflowName":"My workflow","executionId":"3","nodeType":"CUSTOM.random","nodeName":"Random","nodeId":"d211732c-d0f7-4460-8e06-fa12162213a8"}}
{"__type":"$$EventMessageConfirm","confirm":"c5477b76-53fd-444e-81a4-d1a457b38606","ts":"2025-09-23T17:20:30.442+00:00","source":{"id":"0","name":"eventBus"}}
{"__type":"$$EventMessageWorkflow","id":"3da3c7bc-a266-4681-bfe7-3668ce079678","ts":"2025-09-23T17:20:30.443+00:00","eventName":"n8n.workflow.success","message":"n8n.workflow.success","payload":{"userId":"a79f8e1b-609e-4e54-b9ce-c339d9b16371","executionId":"3","success":true,"isManual":true,"workflowId":"9Nh7UeTlJ22HNNDv","workflowName":"My workflow"}}
{"__type":"$$EventMessageConfirm","confirm":"3da3c7bc-a266-4681-bfe7-3668ce079678","ts":"2025-09-23T17:20:30.443+00:00","source":{"id":"0","name":"eventBus"}}
{"__type":"$$EventMessageWorkflow","id":"727e3b98-4f19-4ea7-8ad2-3752e0ba9122","ts":"2025-09-23T17:20:34.373+00:00","eventName":"n8n.workflow.started","message":"n8n.workflow.started","payload":{"executionId":"4","workflowId":"9Nh7UeTlJ22HNNDv","isManual":false,"workflowName":"My workflow"}}
{"__type":"$$EventMessageConfirm","confirm":"727e3b98-4f19-4ea7-8ad2-3752e0ba9122","ts":"2025-09-23T17:20:34.373+00:00","source":{"id":"0","name":"eventBus"}}
{"__type":"$$EventMessageNode","id":"8bc8f048-e81e-48dd-b9df-90e53bf28f34","ts":"2025-09-23T17:20:34.373+00:00","eventName":"n8n.node.started","message":"n8n.node.started","payload":{"workflowId":"9Nh7UeTlJ22HNNDv","workflowName":"My workflow","executionId":"4","nodeType":"CUSTOM.random","nodeName":"Random","nodeId":"d211732c-d0f7-4460-8e06-fa12162213a8"}}
{"__type":"$$EventMessageConfirm","confirm":"8bc8f048-e81e-48dd-b9df-90e53bf28f34","ts":"2025-09-23T17:20:34.374+00:00","source":{"id":"0","name":"eventBus"}}
{"__type":"$$EventMessageNode","id":"bdd129ef-71df-494b-bc77-052d79efc277","ts":"2025-09-23T17:20:34.737+00:00","eventName":"n8n.node.finished","message":"n8n.node.finished","payload":{"workflowId":"9Nh7UeTlJ22HNNDv","workflowName":"My workflow","executionId":"4","nodeType":"CUSTOM.random","nodeName":"Random","nodeId":"d211732c-d0f7-4460-8e06-fa12162213a8"}}
{"__type":"$$EventMessageConfirm","confirm":"bdd129ef-71df-494b-bc77-052d79efc277","ts":"2025-09-23T17:20:34.737+00:00","source":{"id":"0","name":"eventBus"}}
{"__type":"$$EventMessageWorkflow","id":"742b38ce-0f64-48a8-a340-ff522ce42ad2","ts":"2025-09-23T17:20:34.738+00:00","eventName":"n8n.workflow.success","message":"n8n.workflow.success","payload":{"userId":"a79f8e1b-609e-4e54-b9ce-c339d9b16371","executionId":"4","success":true,"isManual":true,"workflowId":"9Nh7UeTlJ22HNNDv","workflowName":"My workflow"}}
{"__type":"$$EventMessageConfirm","confirm":"742b38ce-0f64-48a8-a340-ff522ce42ad2","ts":"2025-09-23T17:20:34.738+00:00","source":{"id":"0","name":"eventBus"}}
{"__type":"$$EventMessageWorkflow","id":"f4ae1fea-cf58-47d8-b408-52f7748b6287","ts":"2025-09-23T17:21:40.810+00:00","eventName":"n8n.workflow.started","message":"n8n.workflow.started","payload":{"executionId":"5","workflowId":"9Nh7UeTlJ22HNNDv","isManual":false,"workflowName":"My workflow"}}
{"__type":"$$EventMessageConfirm","confirm":"f4ae1fea-cf58-47d8-b408-52f7748b6287","ts":"2025-09-23T17:21:40.811+00:00","source":{"id":"0","name":"eventBus"}}
{"__type":"$$EventMessageNode","id":"97a0e9f3-e8b7-44bb-b1ee-d922c9ef60ac","ts":"2025-09-23T17:21:40.811+00:00","eventName":"n8n.node.started","message":"n8n.node.started","payload":{"workflowId":"9Nh7UeTlJ22HNNDv","workflowName":"My workflow","executionId":"5","nodeType":"CUSTOM.random","nodeName":"Random","nodeId":"d211732c-d0f7-4460-8e06-fa12162213a8"}}
{"__type":"$$EventMessageConfirm","confirm":"97a0e9f3-e8b7-44bb-b1ee-d922c9ef60ac","ts":"2025-09-23T17:21:40.811+00:00","source":{"id":"0","name":"eventBus"}}
{"__type":"$$EventMessageNode","id":"1a503c08-a21a-4899-a56b-0f0b93bb8a8a","ts":"2025-09-23T17:21:41.226+00:00","eventName":"n8n.node.finished","message":"n8n.node.finished","payload":{"workflowId":"9Nh7UeTlJ22HNNDv","workflowName":"My workflow","executionId":"5","nodeType":"CUSTOM.random","nodeName":"Random","nodeId":"d211732c-d0f7-4460-8e06-fa12162213a8"}}
{"__type":"$$EventMessageConfirm","confirm":"1a503c08-a21a-4899-a56b-0f0b93bb8a8a","ts":"2025-09-23T17:21:41.226+00:00","source":{"id":"0","name":"eventBus"}}
{"__type":"$$EventMessageWorkflow","id":"ab8eda9a-1139-481b-b37d-f371d764f9b4","ts":"2025-09-23T17:21:41.227+00:00","eventName":"n8n.workflow.success","message":"n8n.workflow.success","payload":{"userId":"a79f8e1b-609e-4e54-b9ce-c339d9b16371","executionId":"5","success":true,"isManual":true,"workflowId":"9Nh7UeTlJ22HNNDv","workflowName":"My workflow"}}
{"__type":"$$EventMessageConfirm","confirm":"ab8eda9a-1139-481b-b37d-f371d764f9b4","ts":"2025-09-23T17:21:41.227+00:00","source":{"id":"0","name":"eventBus"}}
{"__type":"$$EventMessageWorkflow","id":"1777b5aa-dc3a-44c5-b4ec-5de09c9b4b82","ts":"2025-09-23T17:22:05.961+00:00","eventName":"n8n.workflow.started","message":"n8n.workflow.started","payload":{"executionId":"6","workflowId":"9Nh7UeTlJ22HNNDv","isManual":false,"workflowName":"My workflow"}}
{"__type":"$$EventMessageConfirm","confirm":"1777b5aa-dc3a-44c5-b4ec-5de09c9b4b82","ts":"2025-09-23T17:22:05.961+00:00","source":{"id":"0","name":"eventBus"}}
{"__type":"$$EventMessageNode","id":"380f5e49-1da1-43a5-a3e9-d2f0a09aece0","ts":"2025-09-23T17:22:05.962+00:00","eventName":"n8n.node.started","message":"n8n.node.started","payload":{"workflowId":"9Nh7UeTlJ22HNNDv","workflowName":"My workflow","executionId":"6","nodeType":"CUSTOM.random","nodeName":"Random","nodeId":"d211732c-d0f7-4460-8e06-fa12162213a8"}}
{"__type":"$$EventMessageConfirm","confirm":"380f5e49-1da1-43a5-a3e9-d2f0a09aece0","ts":"2025-09-23T17:22:05.962+00:00","source":{"id":"0","name":"eventBus"}}
{"__type":"$$EventMessageNode","id":"91d851ea-34b4-4077-a98a-87e93c0a13ae","ts":"2025-09-23T17:22:06.399+00:00","eventName":"n8n.node.finished","message":"n8n.node.finished","payload":{"workflowId":"9Nh7UeTlJ22HNNDv","workflowName":"My workflow","executionId":"6","nodeType":"CUSTOM.random","nodeName":"Random","nodeId":"d211732c-d0f7-4460-8e06-fa12162213a8"}}
{"__type":"$$EventMessageConfirm","confirm":"91d851ea-34b4-4077-a98a-87e93c0a13ae","ts":"2025-09-23T17:22:06.400+00:00","source":{"id":"0","name":"eventBus"}}
{"__type":"$$EventMessageWorkflow","id":"6a4487e4-34c7-4842-adfe-1b962a97bf22","ts":"2025-09-23T17:22:06.404+00:00","eventName":"n8n.workflow.success","message":"n8n.workflow.success","payload":{"userId":"a79f8e1b-609e-4e54-b9ce-c339d9b16371","executionId":"6","success":true,"isManual":true,"workflowId":"9Nh7UeTlJ22HNNDv","workflowName":"My workflow"}}
{"__type":"$$EventMessageConfirm","confirm":"6a4487e4-34c7-4842-adfe-1b962a97bf22","ts":"2025-09-23T17:22:06.404+00:00","source":{"id":"0","name":"eventBus"}}
{"__type":"$$EventMessageWorkflow","id":"28790012-790d-400e-a76a-be9e346e74eb","ts":"2025-09-23T17:25:27.507+00:00","eventName":"n8n.workflow.started","message":"n8n.workflow.started","payload":{"executionId":"7","workflowId":"9Nh7UeTlJ22HNNDv","isManual":false,"workflowName":"My workflow"}}
{"__type":"$$EventMessageConfirm","confirm":"28790012-790d-400e-a76a-be9e346e74eb","ts":"2025-09-23T17:25:27.508+00:00","source":{"id":"0","name":"eventBus"}}
{"__type":"$$EventMessageNode","id":"130986e1-0e06-4c8d-b69b-00e7c40295c4","ts":"2025-09-23T17:25:27.508+00:00","eventName":"n8n.node.started","message":"n8n.node.started","payload":{"workflowId":"9Nh7UeTlJ22HNNDv","workflowName":"My workflow","executionId":"7","nodeType":"CUSTOM.random","nodeName":"Random","nodeId":"d211732c-d0f7-4460-8e06-fa12162213a8"}}
{"__type":"$$EventMessageConfirm","confirm":"130986e1-0e06-4c8d-b69b-00e7c40295c4","ts":"2025-09-23T17:25:27.508+00:00","source":{"id":"0","name":"eventBus"}}
{"__type":"$$EventMessageNode","id":"cf821333-b598-4e41-9da6-bd2645badc8f","ts":"2025-09-23T17:25:28.529+00:00","eventName":"n8n.node.finished","message":"n8n.node.finished","payload":{"workflowId":"9Nh7UeTlJ22HNNDv","workflowName":"My workflow","executionId":"7","nodeType":"CUSTOM.random","nodeName":"Random","nodeId":"d211732c-d0f7-4460-8e06-fa12162213a8"}}
{"__type":"$$EventMessageConfirm","confirm":"cf821333-b598-4e41-9da6-bd2645badc8f","ts":"2025-09-23T17:25:28.529+00:00","source":{"id":"0","name":"eventBus"}}
{"__type":"$$EventMessageWorkflow","id":"62a331d9-774b-43c0-ac80-0739a0f64580","ts":"2025-09-23T17:25:28.530+00:00","eventName":"n8n.workflow.success","message":"n8n.workflow.success","payload":{"userId":"a79f8e1b-609e-4e54-b9ce-c339d9b16371","executionId":"7","success":true,"isManual":true,"workflowId":"9Nh7UeTlJ22HNNDv","workflowName":"My workflow"}}
{"__type":"$$EventMessageConfirm","confirm":"62a331d9-774b-43c0-ac80-0739a0f64580","ts":"2025-09-23T17:25:28.530+00:00","source":{"id":"0","name":"eventBus"}}
{"__type":"$$EventMessageWorkflow","id":"6320cf2c-4935-4776-bb2a-59f677c1ace2","ts":"2025-09-23T17:25:41.925+00:00","eventName":"n8n.workflow.started","message":"n8n.workflow.started","payload":{"executionId":"8","workflowId":"9Nh7UeTlJ22HNNDv","isManual":false,"workflowName":"My workflow"}}
{"__type":"$$EventMessageConfirm","confirm":"6320cf2c-4935-4776-bb2a-59f677c1ace2","ts":"2025-09-23T17:25:41.925+00:00","source":{"id":"0","name":"eventBus"}}
{"__type":"$$EventMessageNode","id":"3332ba87-d2ff-43d8-bd6c-339160ee5b66","ts":"2025-09-23T17:25:41.925+00:00","eventName":"n8n.node.started","message":"n8n.node.started","payload":{"workflowId":"9Nh7UeTlJ22HNNDv","workflowName":"My workflow","executionId":"8","nodeType":"CUSTOM.random","nodeName":"Random","nodeId":"d211732c-d0f7-4460-8e06-fa12162213a8"}}
{"__type":"$$EventMessageConfirm","confirm":"3332ba87-d2ff-43d8-bd6c-339160ee5b66","ts":"2025-09-23T17:25:41.925+00:00","source":{"id":"0","name":"eventBus"}}
{"__type":"$$EventMessageNode","id":"aa491903-f289-4874-aea4-f43b765de624","ts":"2025-09-23T17:25:42.725+00:00","eventName":"n8n.node.finished","message":"n8n.node.finished","payload":{"workflowId":"9Nh7UeTlJ22HNNDv","workflowName":"My workflow","executionId":"8","nodeType":"CUSTOM.random","nodeName":"Random","nodeId":"d211732c-d0f7-4460-8e06-fa12162213a8"}}
{"__type":"$$EventMessageConfirm","confirm":"aa491903-f289-4874-aea4-f43b765de624","ts":"2025-09-23T17:25:42.726+00:00","source":{"id":"0","name":"eventBus"}}
{"__type":"$$EventMessageWorkflow","id":"0b9fdae4-f424-4802-a781-1233cbc2df1c","ts":"2025-09-23T17:25:42.729+00:00","eventName":"n8n.workflow.success","message":"n8n.workflow.success","payload":{"userId":"a79f8e1b-609e-4e54-b9ce-c339d9b16371","executionId":"8","success":true,"isManual":true,"workflowId":"9Nh7UeTlJ22HNNDv","workflowName":"My workflow"}}
{"__type":"$$EventMessageConfirm","confirm":"0b9fdae4-f424-4802-a781-1233cbc2df1c","ts":"2025-09-23T17:25:42.730+00:00","source":{"id":"0","name":"eventBus"}}
{"__type":"$$EventMessageWorkflow","id":"31a5869c-d210-4cd7-b91e-bc707f231ad8","ts":"2025-09-23T17:27:00.177+00:00","eventName":"n8n.workflow.started","message":"n8n.workflow.started","payload":{"executionId":"9","workflowId":"9Nh7UeTlJ22HNNDv","isManual":false,"workflowName":"My workflow"}}
{"__type":"$$EventMessageConfirm","confirm":"31a5869c-d210-4cd7-b91e-bc707f231ad8","ts":"2025-09-23T17:27:00.178+00:00","source":{"id":"0","name":"eventBus"}}
{"__type":"$$EventMessageNode","id":"526ec67f-877c-4a04-b679-2694f9b55d54","ts":"2025-09-23T17:27:00.181+00:00","eventName":"n8n.node.started","message":"n8n.node.started","payload":{"workflowId":"9Nh7UeTlJ22HNNDv","workflowName":"My workflow","executionId":"9","nodeType":"CUSTOM.random","nodeName":"Random","nodeId":"d211732c-d0f7-4460-8e06-fa12162213a8"}}
{"__type":"$$EventMessageConfirm","confirm":"526ec67f-877c-4a04-b679-2694f9b55d54","ts":"2025-09-23T17:27:00.181+00:00","source":{"id":"0","name":"eventBus"}}
{"__type":"$$EventMessageNode","id":"e11f50e6-c23e-4f14-bb81-c9dc35e49500","ts":"2025-09-23T17:27:00.619+00:00","eventName":"n8n.node.finished","message":"n8n.node.finished","payload":{"workflowId":"9Nh7UeTlJ22HNNDv","workflowName":"My workflow","executionId":"9","nodeType":"CUSTOM.random","nodeName":"Random","nodeId":"d211732c-d0f7-4460-8e06-fa12162213a8"}}
{"__type":"$$EventMessageConfirm","confirm":"e11f50e6-c23e-4f14-bb81-c9dc35e49500","ts":"2025-09-23T17:27:00.619+00:00","source":{"id":"0","name":"eventBus"}}
{"__type":"$$EventMessageWorkflow","id":"a1a68cdb-6f8f-460b-b1e9-74ca3de1db7c","ts":"2025-09-23T17:27:00.621+00:00","eventName":"n8n.workflow.success","message":"n8n.workflow.success","payload":{"userId":"a79f8e1b-609e-4e54-b9ce-c339d9b16371","executionId":"9","success":true,"isManual":true,"workflowId":"9Nh7UeTlJ22HNNDv","workflowName":"My workflow"}}
{"__type":"$$EventMessageConfirm","confirm":"a1a68cdb-6f8f-460b-b1e9-74ca3de1db7c","ts":"2025-09-23T17:27:00.622+00:00","source":{"id":"0","name":"eventBus"}}
{"__type":"$$EventMessageWorkflow","id":"0263b6ac-49c1-4f5d-8f78-93e7e3b0ee59","ts":"2025-09-23T17:46:36.541+00:00","eventName":"n8n.workflow.started","message":"n8n.workflow.started","payload":{"executionId":"10","workflowId":"9Nh7UeTlJ22HNNDv","isManual":false,"workflowName":"My workflow"}}
{"__type":"$$EventMessageConfirm","confirm":"0263b6ac-49c1-4f5d-8f78-93e7e3b0ee59","ts":"2025-09-23T17:46:36.541+00:00","source":{"id":"0","name":"eventBus"}}
{"__type":"$$EventMessageNode","id":"c25f09e6-a9a9-454f-bce0-4878b76efbba","ts":"2025-09-23T17:46:36.542+00:00","eventName":"n8n.node.started","message":"n8n.node.started","payload":{"workflowId":"9Nh7UeTlJ22HNNDv","workflowName":"My workflow","executionId":"10","nodeType":"CUSTOM.random","nodeName":"Random","nodeId":"d211732c-d0f7-4460-8e06-fa12162213a8"}}
{"__type":"$$EventMessageConfirm","confirm":"c25f09e6-a9a9-454f-bce0-4878b76efbba","ts":"2025-09-23T17:46:36.542+00:00","source":{"id":"0","name":"eventBus"}}
{"__type":"$$EventMessageNode","id":"e8b90217-1910-4dd1-a504-67b152282e99","ts":"2025-09-23T17:46:36.935+00:00","eventName":"n8n.node.finished","message":"n8n.node.finished","payload":{"workflowId":"9Nh7UeTlJ22HNNDv","workflowName":"My workflow","executionId":"10","nodeType":"CUSTOM.random","nodeName":"Random","nodeId":"d211732c-d0f7-4460-8e06-fa12162213a8"}}
{"__type":"$$EventMessageConfirm","confirm":"e8b90217-1910-4dd1-a504-67b152282e99","ts":"2025-09-23T17:46:36.935+00:00","source":{"id":"0","name":"eventBus"}}
{"__type":"$$EventMessageWorkflow","id":"0b25c3d3-e67a-4507-8bed-a839372b035c","ts":"2025-09-23T17:46:36.937+00:00","eventName":"n8n.workflow.success","message":"n8n.workflow.success","payload":{"userId":"a79f8e1b-609e-4e54-b9ce-c339d9b16371","executionId":"10","success":true,"isManual":true,"workflowId":"9Nh7UeTlJ22HNNDv","workflowName":"My workflow"}}
{"__type":"$$EventMessageConfirm","confirm":"0b25c3d3-e67a-4507-8bed-a839372b035c","ts":"2025-09-23T17:46:36.937+00:00","source":{"id":"0","name":"eventBus"}}
{"__type":"$$EventMessageWorkflow","id":"7c8d922c-41c3-4fb0-958d-e8045fc79e70","ts":"2025-09-23T17:51:05.756+00:00","eventName":"n8n.workflow.started","message":"n8n.workflow.started","payload":{"executionId":"11","workflowId":"9Nh7UeTlJ22HNNDv","isManual":false,"workflowName":"My workflow"}}
{"__type":"$$EventMessageConfirm","confirm":"7c8d922c-41c3-4fb0-958d-e8045fc79e70","ts":"2025-09-23T17:51:05.756+00:00","source":{"id":"0","name":"eventBus"}}
{"__type":"$$EventMessageNode","id":"e756d1f6-075f-47e8-bffc-a09cf1be1f8b","ts":"2025-09-23T17:51:05.757+00:00","eventName":"n8n.node.started","message":"n8n.node.started","payload":{"workflowId":"9Nh7UeTlJ22HNNDv","workflowName":"My workflow","executionId":"11","nodeType":"CUSTOM.random","nodeName":"Random","nodeId":"d211732c-d0f7-4460-8e06-fa12162213a8"}}
{"__type":"$$EventMessageConfirm","confirm":"e756d1f6-075f-47e8-bffc-a09cf1be1f8b","ts":"2025-09-23T17:51:05.757+00:00","source":{"id":"0","name":"eventBus"}}
{"__type":"$$EventMessageNode","id":"615cbcd8-ee45-49f6-95ef-0e5426804f85","ts":"2025-09-23T17:51:06.191+00:00","eventName":"n8n.node.finished","message":"n8n.node.finished","payload":{"workflowId":"9Nh7UeTlJ22HNNDv","workflowName":"My workflow","executionId":"11","nodeType":"CUSTOM.random","nodeName":"Random","nodeId":"d211732c-d0f7-4460-8e06-fa12162213a8"}}
{"__type":"$$EventMessageConfirm","confirm":"615cbcd8-ee45-49f6-95ef-0e5426804f85","ts":"2025-09-23T17:51:06.191+00:00","source":{"id":"0","name":"eventBus"}}
{"__type":"$$EventMessageWorkflow","id":"5b7d0333-fc3d-4612-bf03-88506e90af84","ts":"2025-09-23T17:51:06.192+00:00","eventName":"n8n.workflow.success","message":"n8n.workflow.success","payload":{"userId":"a79f8e1b-609e-4e54-b9ce-c339d9b16371","executionId":"11","success":true,"isManual":true,"workflowId":"9Nh7UeTlJ22HNNDv","workflowName":"My workflow"}}
{"__type":"$$EventMessageConfirm","confirm":"5b7d0333-fc3d-4612-bf03-88506e90af84","ts":"2025-09-23T17:51:06.192+00:00","source":{"id":"0","name":"eventBus"}}
{"__type":"$$EventMessageWorkflow","id":"4dd52ac2-2933-46fa-9c6d-0980db1d900e","ts":"2025-09-23T17:51:55.308+00:00","eventName":"n8n.workflow.started","message":"n8n.workflow.started","payload":{"executionId":"12","workflowId":"9Nh7UeTlJ22HNNDv","isManual":false,"workflowName":"My workflow"}}
{"__type":"$$EventMessageConfirm","confirm":"4dd52ac2-2933-46fa-9c6d-0980db1d900e","ts":"2025-09-23T17:51:55.309+00:00","source":{"id":"0","name":"eventBus"}}
{"__type":"$$EventMessageNode","id":"91822334-e3e6-41b3-b2fb-dbece36da183","ts":"2025-09-23T17:51:55.309+00:00","eventName":"n8n.node.started","message":"n8n.node.started","payload":{"workflowId":"9Nh7UeTlJ22HNNDv","workflowName":"My workflow","executionId":"12","nodeType":"CUSTOM.random","nodeName":"Random","nodeId":"d211732c-d0f7-4460-8e06-fa12162213a8"}}
{"__type":"$$EventMessageConfirm","confirm":"91822334-e3e6-41b3-b2fb-dbece36da183","ts":"2025-09-23T17:51:55.309+00:00","source":{"id":"0","name":"eventBus"}}
{"__type":"$$EventMessageNode","id":"03cd0f53-e271-4228-8f7e-3862baaa26f2","ts":"2025-09-23T17:51:55.687+00:00","eventName":"n8n.node.finished","message":"n8n.node.finished","payload":{"workflowId":"9Nh7UeTlJ22HNNDv","workflowName":"My workflow","executionId":"12","nodeType":"CUSTOM.random","nodeName":"Random","nodeId":"d211732c-d0f7-4460-8e06-fa12162213a8"}}
{"__type":"$$EventMessageConfirm","confirm":"03cd0f53-e271-4228-8f7e-3862baaa26f2","ts":"2025-09-23T17:51:55.687+00:00","source":{"id":"0","name":"eventBus"}}
{"__type":"$$EventMessageWorkflow","id":"fbf31e5b-0e78-492e-b1e0-0bbeb0809d1f","ts":"2025-09-23T17:51:55.689+00:00","eventName":"n8n.workflow.success","message":"n8n.workflow.success","payload":{"userId":"a79f8e1b-609e-4e54-b9ce-c339d9b16371","executionId":"12","success":true,"isManual":true,"workflowId":"9Nh7UeTlJ22HNNDv","workflowName":"My workflow"}}
{"__type":"$$EventMessageConfirm","confirm":"fbf31e5b-0e78-492e-b1e0-0bbeb0809d1f","ts":"2025-09-23T17:51:55.689+00:00","source":{"id":"0","name":"eventBus"}}
{"__type":"$$EventMessageWorkflow","id":"96bd372e-8739-48d5-9c68-83f5a4fe181f","ts":"2025-09-23T18:03:24.779+00:00","eventName":"n8n.workflow.started","message":"n8n.workflow.started","payload":{"executionId":"13","workflowId":"9Nh7UeTlJ22HNNDv","isManual":false,"workflowName":"My workflow"}}
{"__type":"$$EventMessageConfirm","confirm":"96bd372e-8739-48d5-9c68-83f5a4fe181f","ts":"2025-09-23T18:03:24.779+00:00","source":{"id":"0","name":"eventBus"}}
{"__type":"$$EventMessageNode","id":"541fa134-d0dc-423c-9c9a-db5d6e9da099","ts":"2025-09-23T18:03:24.780+00:00","eventName":"n8n.node.started","message":"n8n.node.started","payload":{"workflowId":"9Nh7UeTlJ22HNNDv","workflowName":"My workflow","executionId":"13","nodeType":"CUSTOM.random","nodeName":"Random","nodeId":"d211732c-d0f7-4460-8e06-fa12162213a8"}}
{"__type":"$$EventMessageConfirm","confirm":"541fa134-d0dc-423c-9c9a-db5d6e9da099","ts":"2025-09-23T18:03:24.780+00:00","source":{"id":"0","name":"eventBus"}}
{"__type":"$$EventMessageNode","id":"d2bd93fc-5620-45ca-aed9-b3a898b645e2","ts":"2025-09-23T18:03:25.251+00:00","eventName":"n8n.node.finished","message":"n8n.node.finished","payload":{"workflowId":"9Nh7UeTlJ22HNNDv","workflowName":"My workflow","executionId":"13","nodeType":"CUSTOM.random","nodeName":"Random","nodeId":"d211732c-d0f7-4460-8e06-fa12162213a8"}}
{"__type":"$$EventMessageConfirm","confirm":"d2bd93fc-5620-45ca-aed9-b3a898b645e2","ts":"2025-09-23T18:03:25.252+00:00","source":{"id":"0","name":"eventBus"}}
{"__type":"$$EventMessageWorkflow","id":"08b6ab9e-839a-4b1e-9d72-590f3bed572a","ts":"2025-09-23T18:03:25.253+00:00","eventName":"n8n.workflow.success","message":"n8n.workflow.success","payload":{"userId":"a79f8e1b-609e-4e54-b9ce-c339d9b16371","executionId":"13","success":true,"isManual":true,"workflowId":"9Nh7UeTlJ22HNNDv","workflowName":"My workflow"}}
{"__type":"$$EventMessageConfirm","confirm":"08b6ab9e-839a-4b1e-9d72-590f3bed572a","ts":"2025-09-23T18:03:25.253+00:00","source":{"id":"0","name":"eventBus"}}
{"__type":"$$EventMessageWorkflow","id":"b874f3cb-2cf1-4b90-a556-aa79a14438e1","ts":"2025-09-23T18:13:41.416+00:00","eventName":"n8n.workflow.started","message":"n8n.workflow.started","payload":{"executionId":"14","workflowId":"9Nh7UeTlJ22HNNDv","isManual":false,"workflowName":"My workflow"}}
{"__type":"$$EventMessageConfirm","confirm":"b874f3cb-2cf1-4b90-a556-aa79a14438e1","ts":"2025-09-23T18:13:41.417+00:00","source":{"id":"0","name":"eventBus"}}
{"__type":"$$EventMessageNode","id":"f5aebbdc-d277-4f1f-ab0e-6ebf939eae44","ts":"2025-09-23T18:13:41.417+00:00","eventName":"n8n.node.started","message":"n8n.node.started","payload":{"workflowId":"9Nh7UeTlJ22HNNDv","workflowName":"My workflow","executionId":"14","nodeType":"CUSTOM.random","nodeName":"Random","nodeId":"d211732c-d0f7-4460-8e06-fa12162213a8"}}
{"__type":"$$EventMessageConfirm","confirm":"f5aebbdc-d277-4f1f-ab0e-6ebf939eae44","ts":"2025-09-23T18:13:41.417+00:00","source":{"id":"0","name":"eventBus"}}
{"__type":"$$EventMessageNode","id":"f0eaa7ac-7912-47e0-a8a3-0a5873fe3f29","ts":"2025-09-23T18:13:41.842+00:00","eventName":"n8n.node.finished","message":"n8n.node.finished","payload":{"workflowId":"9Nh7UeTlJ22HNNDv","workflowName":"My workflow","executionId":"14","nodeType":"CUSTOM.random","nodeName":"Random","nodeId":"d211732c-d0f7-4460-8e06-fa12162213a8"}}
{"__type":"$$EventMessageConfirm","confirm":"f0eaa7ac-7912-47e0-a8a3-0a5873fe3f29","ts":"2025-09-23T18:13:41.842+00:00","source":{"id":"0","name":"eventBus"}}
{"__type":"$$EventMessageWorkflow","id":"1358336d-d7f5-47f6-ac5b-7181d98ab587","ts":"2025-09-23T18:13:41.844+00:00","eventName":"n8n.workflow.success","message":"n8n.workflow.success","payload":{"userId":"a79f8e1b-609e-4e54-b9ce-c339d9b16371","executionId":"14","success":true,"isManual":true,"workflowId":"9Nh7UeTlJ22HNNDv","workflowName":"My workflow"}}
{"__type":"$$EventMessageConfirm","confirm":"1358336d-d7f5-47f6-ac5b-7181d98ab587","ts":"2025-09-23T18:13:41.844+00:00","source":{"id":"0","name":"eventBus"}}
{"__type":"$$EventMessageWorkflow","id":"94b8a6dd-987e-4d26-a68f-fac5ca4f9884","ts":"2025-09-23T18:15:57.504+00:00","eventName":"n8n.workflow.started","message":"n8n.workflow.started","payload":{"executionId":"15","workflowId":"9Nh7UeTlJ22HNNDv","isManual":false,"workflowName":"My workflow"}}
{"__type":"$$EventMessageConfirm","confirm":"94b8a6dd-987e-4d26-a68f-fac5ca4f9884","ts":"2025-09-23T18:15:57.504+00:00","source":{"id":"0","name":"eventBus"}}
{"__type":"$$EventMessageNode","id":"44c2b17d-799f-4a14-bf29-e54db6e11dad","ts":"2025-09-23T18:15:57.505+00:00","eventName":"n8n.node.started","message":"n8n.node.started","payload":{"workflowId":"9Nh7UeTlJ22HNNDv","workflowName":"My workflow","executionId":"15","nodeType":"CUSTOM.random","nodeName":"Random","nodeId":"d211732c-d0f7-4460-8e06-fa12162213a8"}}
{"__type":"$$EventMessageConfirm","confirm":"44c2b17d-799f-4a14-bf29-e54db6e11dad","ts":"2025-09-23T18:15:57.505+00:00","source":{"id":"0","name":"eventBus"}}
{"__type":"$$EventMessageNode","id":"a263ec28-7217-46b3-a87a-9c1e27d1c1af","ts":"2025-09-23T18:15:57.908+00:00","eventName":"n8n.node.finished","message":"n8n.node.finished","payload":{"workflowId":"9Nh7UeTlJ22HNNDv","workflowName":"My workflow","executionId":"15","nodeType":"CUSTOM.random","nodeName":"Random","nodeId":"d211732c-d0f7-4460-8e06-fa12162213a8"}}
{"__type":"$$EventMessageConfirm","confirm":"a263ec28-7217-46b3-a87a-9c1e27d1c1af","ts":"2025-09-23T18:15:57.908+00:00","source":{"id":"0","name":"eventBus"}}
{"__type":"$$EventMessageWorkflow","id":"6e08d48b-ec96-4531-84cc-404ac50ea06f","ts":"2025-09-23T18:15:57.910+00:00","eventName":"n8n.workflow.success","message":"n8n.workflow.success","payload":{"userId":"a79f8e1b-609e-4e54-b9ce-c339d9b16371","executionId":"15","success":true,"isManual":true,"workflowId":"9Nh7UeTlJ22HNNDv","workflowName":"My workflow"}}
{"__type":"$$EventMessageConfirm","confirm":"6e08d48b-ec96-4531-84cc-404ac50ea06f","ts":"2025-09-23T18:15:57.910+00:00","source":{"id":"0","name":"eventBus"}}
{"__type":"$$EventMessageWorkflow","id":"a9400555-1f6b-4405-8e75-cac19e71ad19","ts":"2025-09-23T18:16:03.440+00:00","eventName":"n8n.workflow.started","message":"n8n.workflow.started","payload":{"executionId":"16","workflowId":"9Nh7UeTlJ22HNNDv","isManual":false,"workflowName":"My workflow"}}
{"__type":"$$EventMessageConfirm","confirm":"a9400555-1f6b-4405-8e75-cac19e71ad19","ts":"2025-09-23T18:16:03.440+00:00","source":{"id":"0","name":"eventBus"}}
{"__type":"$$EventMessageNode","id":"d603491a-4e6e-410f-a9af-d667d5a1d6e2","ts":"2025-09-23T18:16:03.440+00:00","eventName":"n8n.node.started","message":"n8n.node.started","payload":{"workflowId":"9Nh7UeTlJ22HNNDv","workflowName":"My workflow","executionId":"16","nodeType":"CUSTOM.random","nodeName":"Random","nodeId":"d211732c-d0f7-4460-8e06-fa12162213a8"}}
{"__type":"$$EventMessageConfirm","confirm":"d603491a-4e6e-410f-a9af-d667d5a1d6e2","ts":"2025-09-23T18:16:03.440+00:00","source":{"id":"0","name":"eventBus"}}
{"__type":"$$EventMessageNode","id":"d93853c7-f0e4-407c-89c5-c8b27e7baa1a","ts":"2025-09-23T18:16:03.851+00:00","eventName":"n8n.node.finished","message":"n8n.node.finished","payload":{"workflowId":"9Nh7UeTlJ22HNNDv","workflowName":"My workflow","executionId":"16","nodeType":"CUSTOM.random","nodeName":"Random","nodeId":"d211732c-d0f7-4460-8e06-fa12162213a8"}}
{"__type":"$$EventMessageConfirm","confirm":"d93853c7-f0e4-407c-89c5-c8b27e7baa1a","ts":"2025-09-23T18:16:03.852+00:00","source":{"id":"0","name":"eventBus"}}
{"__type":"$$EventMessageWorkflow","id":"08242af5-7b6f-4875-9596-ee709136696c","ts":"2025-09-23T18:16:03.853+00:00","eventName":"n8n.workflow.success","message":"n8n.workflow.success","payload":{"userId":"a79f8e1b-609e-4e54-b9ce-c339d9b16371","executionId":"16","success":true,"isManual":true,"workflowId":"9Nh7UeTlJ22HNNDv","workflowName":"My workflow"}}
{"__type":"$$EventMessageConfirm","confirm":"08242af5-7b6f-4875-9596-ee709136696c","ts":"2025-09-23T18:16:03.853+00:00","source":{"id":"0","name":"eventBus"}}
{"__type":"$$EventMessageWorkflow","id":"5ba0be7e-894f-4ae1-9fd5-59d13e4bb817","ts":"2025-09-23T18:17:12.817+00:00","eventName":"n8n.workflow.started","message":"n8n.workflow.started","payload":{"executionId":"17","workflowId":"9Nh7UeTlJ22HNNDv","isManual":false,"workflowName":"My workflow"}}
{"__type":"$$EventMessageConfirm","confirm":"5ba0be7e-894f-4ae1-9fd5-59d13e4bb817","ts":"2025-09-23T18:17:12.817+00:00","source":{"id":"0","name":"eventBus"}}
{"__type":"$$EventMessageNode","id":"2fc598ff-bd0f-4abd-a0de-aa5c1c46bef7","ts":"2025-09-23T18:17:12.818+00:00","eventName":"n8n.node.started","message":"n8n.node.started","payload":{"workflowId":"9Nh7UeTlJ22HNNDv","workflowName":"My workflow","executionId":"17","nodeType":"CUSTOM.random","nodeName":"Random","nodeId":"d211732c-d0f7-4460-8e06-fa12162213a8"}}
{"__type":"$$EventMessageConfirm","confirm":"2fc598ff-bd0f-4abd-a0de-aa5c1c46bef7","ts":"2025-09-23T18:17:12.818+00:00","source":{"id":"0","name":"eventBus"}}
{"__type":"$$EventMessageNode","id":"759a86d2-b6c5-4014-8a57-8d5b7d2d8c13","ts":"2025-09-23T18:17:13.192+00:00","eventName":"n8n.node.finished","message":"n8n.node.finished","payload":{"workflowId":"9Nh7UeTlJ22HNNDv","workflowName":"My workflow","executionId":"17","nodeType":"CUSTOM.random","nodeName":"Random","nodeId":"d211732c-d0f7-4460-8e06-fa12162213a8"}}
{"__type":"$$EventMessageConfirm","confirm":"759a86d2-b6c5-4014-8a57-8d5b7d2d8c13","ts":"2025-09-23T18:17:13.192+00:00","source":{"id":"0","name":"eventBus"}}
{"__type":"$$EventMessageWorkflow","id":"b6288ba4-2562-4044-938f-31e7183cc113","ts":"2025-09-23T18:17:13.193+00:00","eventName":"n8n.workflow.success","message":"n8n.workflow.success","payload":{"userId":"a79f8e1b-609e-4e54-b9ce-c339d9b16371","executionId":"17","success":true,"isManual":true,"workflowId":"9Nh7UeTlJ22HNNDv","workflowName":"My workflow"}}
{"__type":"$$EventMessageConfirm","confirm":"b6288ba4-2562-4044-938f-31e7183cc113","ts":"2025-09-23T18:17:13.193+00:00","source":{"id":"0","name":"eventBus"}}
{"__type":"$$EventMessageWorkflow","id":"854d5844-0857-430b-9c26-38cd1c6724a9","ts":"2025-09-23T18:18:55.050+00:00","eventName":"n8n.workflow.started","message":"n8n.workflow.started","payload":{"executionId":"18","workflowId":"9Nh7UeTlJ22HNNDv","isManual":false,"workflowName":"My workflow"}}
{"__type":"$$EventMessageConfirm","confirm":"854d5844-0857-430b-9c26-38cd1c6724a9","ts":"2025-09-23T18:18:55.050+00:00","source":{"id":"0","name":"eventBus"}}
{"__type":"$$EventMessageNode","id":"a80a3be8-4c00-4d0e-8348-00c5b8fe66ba","ts":"2025-09-23T18:18:55.051+00:00","eventName":"n8n.node.started","message":"n8n.node.started","payload":{"workflowId":"9Nh7UeTlJ22HNNDv","workflowName":"My workflow","executionId":"18","nodeType":"CUSTOM.random","nodeName":"Random","nodeId":"d211732c-d0f7-4460-8e06-fa12162213a8"}}
{"__type":"$$EventMessageConfirm","confirm":"a80a3be8-4c00-4d0e-8348-00c5b8fe66ba","ts":"2025-09-23T18:18:55.051+00:00","source":{"id":"0","name":"eventBus"}}
{"__type":"$$EventMessageNode","id":"ccebb0ed-51db-4dde-8650-aeda74c88c46","ts":"2025-09-23T18:18:55.503+00:00","eventName":"n8n.node.finished","message":"n8n.node.finished","payload":{"workflowId":"9Nh7UeTlJ22HNNDv","workflowName":"My workflow","executionId":"18","nodeType":"CUSTOM.random","nodeName":"Random","nodeId":"d211732c-d0f7-4460-8e06-fa12162213a8"}}
{"__type":"$$EventMessageConfirm","confirm":"ccebb0ed-51db-4dde-8650-aeda74c88c46","ts":"2025-09-23T18:18:55.503+00:00","source":{"id":"0","name":"eventBus"}}
{"__type":"$$EventMessageWorkflow","id":"6c1ce6da-84b4-4927-8d6c-cb6c1d2e194c","ts":"2025-09-23T18:18:55.504+00:00","eventName":"n8n.workflow.success","message":"n8n.workflow.success","payload":{"userId":"a79f8e1b-609e-4e54-b9ce-c339d9b16371","executionId":"18","success":true,"isManual":true,"workflowId":"9Nh7UeTlJ22HNNDv","workflowName":"My workflow"}}
{"__type":"$$EventMessageConfirm","confirm":"6c1ce6da-84b4-4927-8d6c-cb6c1d2e194c","ts":"2025-09-23T18:18:55.505+00:00","source":{"id":"0","name":"eventBus"}}
{"__type":"$$EventMessageWorkflow","id":"e6771fe3-5ca4-42a3-a77e-ca2aab92e3b1","ts":"2025-09-23T20:01:15.025+00:00","eventName":"n8n.workflow.started","message":"n8n.workflow.started","payload":{"executionId":"19","workflowId":"9Nh7UeTlJ22HNNDv","isManual":false,"workflowName":"My workflow"}}
{"__type":"$$EventMessageConfirm","confirm":"e6771fe3-5ca4-42a3-a77e-ca2aab92e3b1","ts":"2025-09-23T20:01:15.027+00:00","source":{"id":"0","name":"eventBus"}}
{"__type":"$$EventMessageNode","id":"73b9288c-22d3-4337-b235-1ff29b67fcef","ts":"2025-09-23T20:01:15.029+00:00","eventName":"n8n.node.started","message":"n8n.node.started","payload":{"workflowId":"9Nh7UeTlJ22HNNDv","workflowName":"My workflow","executionId":"19","nodeType":"CUSTOM.random","nodeName":"Random","nodeId":"d211732c-d0f7-4460-8e06-fa12162213a8"}}
{"__type":"$$EventMessageConfirm","confirm":"73b9288c-22d3-4337-b235-1ff29b67fcef","ts":"2025-09-23T20:01:15.029+00:00","source":{"id":"0","name":"eventBus"}}
{"__type":"$$EventMessageNode","id":"4dad8e99-6bfc-4149-b664-ecf1a7651c49","ts":"2025-09-23T17:01:15.695-03:00","eventName":"n8n.node.finished","message":"n8n.node.finished","payload":{"workflowId":"9Nh7UeTlJ22HNNDv","workflowName":"My workflow","executionId":"19","nodeType":"CUSTOM.random","nodeName":"Random","nodeId":"d211732c-d0f7-4460-8e06-fa12162213a8"}}
{"__type":"$$EventMessageConfirm","confirm":"4dad8e99-6bfc-4149-b664-ecf1a7651c49","ts":"2025-09-23T17:01:15.696-03:00","source":{"id":"0","name":"eventBus"}}
{"__type":"$$EventMessageWorkflow","id":"def43c5f-b325-4da7-a7e8-5c2c8191ef1d","ts":"2025-09-23T17:01:15.700-03:00","eventName":"n8n.workflow.success","message":"n8n.workflow.success","payload":{"userId":"a79f8e1b-609e-4e54-b9ce-c339d9b16371","executionId":"19","success":true,"isManual":true,"workflowId":"9Nh7UeTlJ22HNNDv","workflowName":"My workflow"}}
{"__type":"$$EventMessageConfirm","confirm":"def43c5f-b325-4da7-a7e8-5c2c8191ef1d","ts":"2025-09-23T17:01:15.700-03:00","source":{"id":"0","name":"eventBus"}}
{"__type":"$$EventMessageWorkflow","id":"af3a4bdd-c13a-44f8-80d3-2a07f11fec65","ts":"2025-09-23T17:03:31.655-03:00","eventName":"n8n.workflow.started","message":"n8n.workflow.started","payload":{"executionId":"20","workflowId":"9Nh7UeTlJ22HNNDv","isManual":false,"workflowName":"My workflow"}}
{"__type":"$$EventMessageConfirm","confirm":"af3a4bdd-c13a-44f8-80d3-2a07f11fec65","ts":"2025-09-23T17:03:31.656-03:00","source":{"id":"0","name":"eventBus"}}
{"__type":"$$EventMessageNode","id":"b99f777d-2042-46eb-9f03-3c14b8d01780","ts":"2025-09-23T17:03:31.657-03:00","eventName":"n8n.node.started","message":"n8n.node.started","payload":{"workflowId":"9Nh7UeTlJ22HNNDv","workflowName":"My workflow","executionId":"20","nodeType":"CUSTOM.random","nodeName":"Random","nodeId":"d211732c-d0f7-4460-8e06-fa12162213a8"}}
{"__type":"$$EventMessageConfirm","confirm":"b99f777d-2042-46eb-9f03-3c14b8d01780","ts":"2025-09-23T17:03:31.657-03:00","source":{"id":"0","name":"eventBus"}}
{"__type":"$$EventMessageNode","id":"e27918ea-f5fc-4627-91e5-e3783cd956e3","ts":"2025-09-23T17:03:32.056-03:00","eventName":"n8n.node.finished","message":"n8n.node.finished","payload":{"workflowId":"9Nh7UeTlJ22HNNDv","workflowName":"My workflow","executionId":"20","nodeType":"CUSTOM.random","nodeName":"Random","nodeId":"d211732c-d0f7-4460-8e06-fa12162213a8"}}
{"__type":"$$EventMessageConfirm","confirm":"e27918ea-f5fc-4627-91e5-e3783cd956e3","ts":"2025-09-23T17:03:32.056-03:00","source":{"id":"0","name":"eventBus"}}
{"__type":"$$EventMessageWorkflow","id":"ddacad68-d245-459c-8ef3-e7d4c1a56af1","ts":"2025-09-23T17:03:32.058-03:00","eventName":"n8n.workflow.success","message":"n8n.workflow.success","payload":{"userId":"a79f8e1b-609e-4e54-b9ce-c339d9b16371","executionId":"20","success":true,"isManual":true,"workflowId":"9Nh7UeTlJ22HNNDv","workflowName":"My workflow"}}
{"__type":"$$EventMessageConfirm","confirm":"ddacad68-d245-459c-8ef3-e7d4c1a56af1","ts":"2025-09-23T17:03:32.058-03:00","source":{"id":"0","name":"eventBus"}}
{"__type":"$$EventMessageWorkflow","id":"dd6e82d3-146b-4c87-a3ce-4948483f89d8","ts":"2025-09-23T22:54:41.046-03:00","eventName":"n8n.workflow.started","message":"n8n.workflow.started","payload":{"executionId":"21","workflowId":"9Nh7UeTlJ22HNNDv","isManual":false,"workflowName":"My workflow"}}
{"__type":"$$EventMessageConfirm","confirm":"dd6e82d3-146b-4c87-a3ce-4948483f89d8","ts":"2025-09-23T22:54:41.050-03:00","source":{"id":"0","name":"eventBus"}}
{"__type":"$$EventMessageNode","id":"bf321414-d070-4eca-941f-4bc0213d927b","ts":"2025-09-23T22:54:41.054-03:00","eventName":"n8n.node.started","message":"n8n.node.started","payload":{"workflowId":"9Nh7UeTlJ22HNNDv","workflowName":"My workflow","executionId":"21","nodeType":"n8n-nodes-base.manualTrigger","nodeName":"When clicking ‘Execute workflow’","nodeId":"d8989c7b-5fc0-4dee-bab7-823f07825c35"}}
{"__type":"$$EventMessageConfirm","confirm":"bf321414-d070-4eca-941f-4bc0213d927b","ts":"2025-09-23T22:54:41.055-03:00","source":{"id":"0","name":"eventBus"}}
{"__type":"$$EventMessageNode","id":"0c79988d-380a-4e8a-8125-6debfae9162d","ts":"2025-09-23T22:54:41.061-03:00","eventName":"n8n.node.finished","message":"n8n.node.finished","payload":{"workflowId":"9Nh7UeTlJ22HNNDv","workflowName":"My workflow","executionId":"21","nodeType":"n8n-nodes-base.manualTrigger","nodeName":"When clicking ‘Execute workflow’","nodeId":"d8989c7b-5fc0-4dee-bab7-823f07825c35"}}
{"__type":"$$EventMessageConfirm","confirm":"0c79988d-380a-4e8a-8125-6debfae9162d","ts":"2025-09-23T22:54:41.061-03:00","source":{"id":"0","name":"eventBus"}}
{"__type":"$$EventMessageNode","id":"97a0eef0-6019-4bd4-b429-e17d7721fdad","ts":"2025-09-23T22:54:41.062-03:00","eventName":"n8n.node.started","message":"n8n.node.started","payload":{"workflowId":"9Nh7UeTlJ22HNNDv","workflowName":"My workflow","executionId":"21","nodeType":"CUSTOM.random","nodeName":"Random","nodeId":"d211732c-d0f7-4460-8e06-fa12162213a8"}}
{"__type":"$$EventMessageConfirm","confirm":"97a0eef0-6019-4bd4-b429-e17d7721fdad","ts":"2025-09-23T22:54:41.062-03:00","source":{"id":"0","name":"eventBus"}}
{"__type":"$$EventMessageNode","id":"6aded15a-1f91-41b3-8f48-29600fcfdc57","ts":"2025-09-23T22:57:06.778-03:00","eventName":"n8n.node.finished","message":"n8n.node.finished","payload":{"workflowId":"9Nh7UeTlJ22HNNDv","workflowName":"My workflow","executionId":"21","nodeType":"CUSTOM.random","nodeName":"Random","nodeId":"d211732c-d0f7-4460-8e06-fa12162213a8"}}
{"__type":"$$EventMessageConfirm","confirm":"6aded15a-1f91-41b3-8f48-29600fcfdc57","ts":"2025-09-23T22:57:06.778-03:00","source":{"id":"0","name":"eventBus"}}
{"__type":"$$EventMessageWorkflow","id":"46d5b1db-4f14-40d5-a6cf-6617cba0d661","ts":"2025-09-23T22:57:06.793-03:00","eventName":"n8n.workflow.success","message":"n8n.workflow.success","payload":{"userId":"a79f8e1b-609e-4e54-b9ce-c339d9b16371","executionId":"21","success":true,"isManual":true,"workflowId":"9Nh7UeTlJ22HNNDv","workflowName":"My workflow"}}
{"__type":"$$EventMessageConfirm","confirm":"46d5b1db-4f14-40d5-a6cf-6617cba0d661","ts":"2025-09-23T22:57:06.793-03:00","source":{"id":"0","name":"eventBus"}}
{"__type":"$$EventMessageWorkflow","id":"dd901b98-0ee9-4174-8e8d-26085bb15966","ts":"2025-09-23T22:58:38.077-03:00","eventName":"n8n.workflow.started","message":"n8n.workflow.started","payload":{"executionId":"22","workflowId":"9Nh7UeTlJ22HNNDv","isManual":false,"workflowName":"My workflow"}}
{"__type":"$$EventMessageConfirm","confirm":"dd901b98-0ee9-4174-8e8d-26085bb15966","ts":"2025-09-23T22:58:38.077-03:00","source":{"id":"0","name":"eventBus"}}
{"__type":"$$EventMessageNode","id":"29c79d58-bd0d-457a-864d-6b9449abae50","ts":"2025-09-23T22:58:38.077-03:00","eventName":"n8n.node.started","message":"n8n.node.started","payload":{"workflowId":"9Nh7UeTlJ22HNNDv","workflowName":"My workflow","executionId":"22","nodeType":"CUSTOM.random","nodeName":"Random","nodeId":"d211732c-d0f7-4460-8e06-fa12162213a8"}}
{"__type":"$$EventMessageConfirm","confirm":"29c79d58-bd0d-457a-864d-6b9449abae50","ts":"2025-09-23T22:58:38.077-03:00","source":{"id":"0","name":"eventBus"}}
{"__type":"$$EventMessageNode","id":"c2922cad-30a4-4bd0-92ca-5c2c33bfa2f1","ts":"2025-09-23T23:01:04.316-03:00","eventName":"n8n.node.finished","message":"n8n.node.finished","payload":{"workflowId":"9Nh7UeTlJ22HNNDv","workflowName":"My workflow","executionId":"22","nodeType":"CUSTOM.random","nodeName":"Random","nodeId":"d211732c-d0f7-4460-8e06-fa12162213a8"}}
{"__type":"$$EventMessageConfirm","confirm":"c2922cad-30a4-4bd0-92ca-5c2c33bfa2f1","ts":"2025-09-23T23:01:04.316-03:00","source":{"id":"0","name":"eventBus"}}
{"__type":"$$EventMessageWorkflow","id":"dd4d25fa-45ab-43bd-b7f8-66541e05ca88","ts":"2025-09-23T23:01:04.318-03:00","eventName":"n8n.workflow.success","message":"n8n.workflow.success","payload":{"userId":"a79f8e1b-609e-4e54-b9ce-c339d9b16371","executionId":"22","success":true,"isManual":true,"workflowId":"9Nh7UeTlJ22HNNDv","workflowName":"My workflow"}}
{"__type":"$$EventMessageConfirm","confirm":"dd4d25fa-45ab-43bd-b7f8-66541e05ca88","ts":"2025-09-23T23:01:04.318-03:00","source":{"id":"0","name":"eventBus"}}
{"__type":"$$EventMessageAudit","id":"18672a37-463e-4513-8579-eb45e9cc75f4","ts":"2025-09-23T23:01:24.774-03:00","eventName":"n8n.audit.user.login.success","message":"n8n.audit.user.login.success","payload":{"userId":"a79f8e1b-609e-4e54-b9ce-c339d9b16371","_email":"luisaferreira1088@gmail.com","_firstName":"Luísa","_lastName":"Marques","globalRole":"global:owner","authenticationMethod":"email"}}
{"__type":"$$EventMessageConfirm","confirm":"18672a37-463e-4513-8579-eb45e9cc75f4","ts":"2025-09-23T23:01:24.775-03:00","source":{"id":"0","name":"eventBus"}}
{"__type":"$$EventMessageWorkflow","id":"a2795924-499a-4349-88b1-d5c67212b7eb","ts":"2025-09-23T23:01:43.576-03:00","eventName":"n8n.workflow.started","message":"n8n.workflow.started","payload":{"executionId":"23","workflowId":"9Nh7UeTlJ22HNNDv","isManual":false,"workflowName":"My workflow"}}
{"__type":"$$EventMessageConfirm","confirm":"a2795924-499a-4349-88b1-d5c67212b7eb","ts":"2025-09-23T23:01:43.576-03:00","source":{"id":"0","name":"eventBus"}}
{"__type":"$$EventMessageNode","id":"692df028-a43e-4ca7-a192-8b6c14252504","ts":"2025-09-23T23:01:43.576-03:00","eventName":"n8n.node.started","message":"n8n.node.started","payload":{"workflowId":"9Nh7UeTlJ22HNNDv","workflowName":"My workflow","executionId":"23","nodeType":"n8n-nodes-base.manualTrigger","nodeName":"When clicking ‘Execute workflow’","nodeId":"d8989c7b-5fc0-4dee-bab7-823f07825c35"}}
{"__type":"$$EventMessageConfirm","confirm":"692df028-a43e-4ca7-a192-8b6c14252504","ts":"2025-09-23T23:01:43.576-03:00","source":{"id":"0","name":"eventBus"}}
{"__type":"$$EventMessageNode","id":"fa568d64-2d31-4076-bcd5-5d4559ad6f6a","ts":"2025-09-23T23:01:43.578-03:00","eventName":"n8n.node.finished","message":"n8n.node.finished","payload":{"workflowId":"9Nh7UeTlJ22HNNDv","workflowName":"My workflow","executionId":"23","nodeType":"n8n-nodes-base.manualTrigger","nodeName":"When clicking ‘Execute workflow’","nodeId":"d8989c7b-5fc0-4dee-bab7-823f07825c35"}}
{"__type":"$$EventMessageConfirm","confirm":"fa568d64-2d31-4076-bcd5-5d4559ad6f6a","ts":"2025-09-23T23:01:43.578-03:00","source":{"id":"0","name":"eventBus"}}
{"__type":"$$EventMessageWorkflow","id":"d1d9808a-9d1b-4fb5-8aa5-65ace758ee6b","ts":"2025-09-23T23:01:43.580-03:00","eventName":"n8n.workflow.success","message":"n8n.workflow.success","payload":{"userId":"a79f8e1b-609e-4e54-b9ce-c339d9b16371","executionId":"23","success":true,"isManual":true,"workflowId":"9Nh7UeTlJ22HNNDv","workflowName":"My workflow"}}
{"__type":"$$EventMessageConfirm","confirm":"d1d9808a-9d1b-4fb5-8aa5-65ace758ee6b","ts":"2025-09-23T23:01:43.580-03:00","source":{"id":"0","name":"eventBus"}}
{"__type":"$$EventMessageWorkflow","id":"6e7face0-34cd-4269-afc8-7b01ea53661e","ts":"2025-09-23T23:01:44.903-03:00","eventName":"n8n.workflow.started","message":"n8n.workflow.started","payload":{"executionId":"24","workflowId":"9Nh7UeTlJ22HNNDv","isManual":false,"workflowName":"My workflow"}}
{"__type":"$$EventMessageConfirm","confirm":"6e7face0-34cd-4269-afc8-7b01ea53661e","ts":"2025-09-23T23:01:44.903-03:00","source":{"id":"0","name":"eventBus"}}
{"__type":"$$EventMessageNode","id":"b1ed29ec-4faa-409b-85f4-6d1c729f27b1","ts":"2025-09-23T23:01:44.903-03:00","eventName":"n8n.node.started","message":"n8n.node.started","payload":{"workflowId":"9Nh7UeTlJ22HNNDv","workflowName":"My workflow","executionId":"24","nodeType":"CUSTOM.random","nodeName":"Random","nodeId":"d211732c-d0f7-4460-8e06-fa12162213a8"}}
{"__type":"$$EventMessageConfirm","confirm":"b1ed29ec-4faa-409b-85f4-6d1c729f27b1","ts":"2025-09-23T23:01:44.903-03:00","source":{"id":"0","name":"eventBus"}}
{"__type":"$$EventMessageNode","id":"652c6e6c-3cfa-451f-b5f8-c3960ac64fd5","ts":"2025-09-23T23:04:13.942-03:00","eventName":"n8n.node.finished","message":"n8n.node.finished","payload":{"workflowId":"9Nh7UeTlJ22HNNDv","workflowName":"My workflow","executionId":"24","nodeType":"CUSTOM.random","nodeName":"Random","nodeId":"d211732c-d0f7-4460-8e06-fa12162213a8"}}
{"__type":"$$EventMessageConfirm","confirm":"652c6e6c-3cfa-451f-b5f8-c3960ac64fd5","ts":"2025-09-23T23:04:13.943-03:00","source":{"id":"0","name":"eventBus"}}
{"__type":"$$EventMessageWorkflow","id":"67bd494c-a702-458f-882c-00537fb44ade","ts":"2025-09-23T23:04:13.947-03:00","eventName":"n8n.workflow.success","message":"n8n.workflow.success","payload":{"userId":"a79f8e1b-609e-4e54-b9ce-c339d9b16371","executionId":"24","success":true,"isManual":true,"workflowId":"9Nh7UeTlJ22HNNDv","workflowName":"My workflow"}}
{"__type":"$$EventMessageConfirm","confirm":"67bd494c-a702-458f-882c-00537fb44ade","ts":"2025-09-23T23:04:13.947-03:00","source":{"id":"0","name":"eventBus"}}
